Log file open, 01/07/20 18:12:43
LogWindows: Failed to load 'aqProf.dll' (GetLastError=126)
LogWindows: File 'aqProf.dll' does not exist
LogWindows: Failed to load 'VtuneApi.dll' (GetLastError=126)
LogWindows: File 'VtuneApi.dll' does not exist
LogWindows: Failed to load 'VtuneApi32e.dll' (GetLastError=126)
LogWindows: File 'VtuneApi32e.dll' does not exist
LogConsoleResponse: Display: Failed to find resolution value strings in scalability ini. Falling back to default.
LogInit: Display: Running engine for game: PracticaFinal
LogPakFile: Registered encryption key '00000000000000000000000000000000': 0 pak files mounted, 0 remain pending
LogPlatformFile: Not using cached read wrapper
LogTaskGraph: Started task graph with 5 named threads and 23 total threads with 3 sets of task threads.
LogStats: Stats thread started at 0.827712
LogD3D11RHI: Loaded GFSDK_Aftermath_Lib.x64.dll
LogICUInternationalization: ICU TimeZone Detection - Raw Offset: +1:00, Platform Override: ''
LogPluginManager: Mounting plugin Paper2D
LogPluginManager: Mounting plugin AISupport
LogPluginManager: Mounting plugin LightPropagationVolume
LogPluginManager: Mounting plugin ActorLayerUtilities
LogPluginManager: Mounting plugin AnimationSharing
LogPluginManager: Mounting plugin CLionSourceCodeAccess
LogPluginManager: Mounting plugin CodeLiteSourceCodeAccess
LogPluginManager: Mounting plugin GitSourceControl
LogPluginManager: Mounting plugin KDevelopSourceCodeAccess
LogPluginManager: Mounting plugin NullSourceCodeAccess
LogPluginManager: Mounting plugin PerforceSourceControl
LogPluginManager: Mounting plugin SubversionSourceControl
LogPluginManager: Mounting plugin UObjectPlugin
LogPluginManager: Mounting plugin VisualStudioCodeSourceCodeAccess
LogPluginManager: Mounting plugin VisualStudioSourceCodeAccess
LogPluginManager: Mounting plugin XCodeSourceCodeAccess
LogPluginManager: Mounting plugin AssetManagerEditor
LogPluginManager: Mounting plugin CryptoKeys
LogPluginManager: Mounting plugin DataValidation
LogPluginManager: Mounting plugin FacialAnimation
LogPluginManager: Mounting plugin GameplayTagsEditor
LogPluginManager: Mounting plugin MacGraphicsSwitching
LogPluginManager: Mounting plugin MaterialAnalyzer
LogPluginManager: Mounting plugin MobileLauncherProfileWizard
LogPluginManager: Mounting plugin PluginBrowser
LogPluginManager: Mounting plugin SpeedTreeImporter
LogPluginManager: Mounting plugin DatasmithContent
LogPluginManager: Mounting plugin VariantManagerContent
LogPluginManager: Mounting plugin AlembicImporter
LogPluginManager: Mounting plugin AppleImageUtils
LogPluginManager: Mounting plugin AppleVision
LogPluginManager: Mounting plugin BackChannel
LogPluginManager: Mounting plugin CharacterAI
LogPluginManager: Mounting plugin GeometryCache
LogPluginManager: Mounting plugin HTML5Networking
LogPluginManager: Mounting plugin ProxyLODPlugin
LogPluginManager: Mounting plugin SkeletalReduction
LogPluginManager: Mounting plugin MagicLeap
LogPluginManager: Mounting plugin MagicLeapMedia
LogPluginManager: Mounting plugin AndroidMedia
LogPluginManager: Mounting plugin AvfMedia
LogPluginManager: Mounting plugin ImgMedia
LogPluginManager: Mounting plugin LinearTimecode
LogPluginManager: Mounting plugin MediaCompositing
LogPluginManager: Mounting plugin MediaPlayerEditor
LogPluginManager: Mounting plugin WebMMedia
LogPluginManager: Mounting plugin WmfMedia
LogPluginManager: Mounting plugin TcpMessaging
LogPluginManager: Mounting plugin UdpMessaging
LogPluginManager: Mounting plugin ActorSequence
LogPluginManager: Mounting plugin LevelSequenceEditor
LogPluginManager: Mounting plugin MatineeToLevelSequence
LogPluginManager: Mounting plugin NetcodeUnitTest
LogPluginManager: Mounting plugin NUTUnrealEngine4
LogPluginManager: Mounting plugin OnlineSubsystemGooglePlay
LogPluginManager: Mounting plugin OnlineSubsystemIOS
LogPluginManager: Mounting plugin OnlineSubsystem
LogPluginManager: Mounting plugin OnlineSubsystemNull
LogPluginManager: Mounting plugin OnlineSubsystemUtils
LogPluginManager: Mounting plugin LauncherChunkInstaller
LogPluginManager: Mounting plugin AndroidDeviceProfileSelector
LogPluginManager: Mounting plugin AndroidMoviePlayer
LogPluginManager: Mounting plugin AndroidPermission
LogPluginManager: Mounting plugin AppleMoviePlayer
LogPluginManager: Mounting plugin ArchVisCharacter
LogPluginManager: Mounting plugin AudioCapture
LogPluginManager: Mounting plugin CableComponent
LogPluginManager: Mounting plugin CustomMeshComponent
LogPluginManager: Mounting plugin EditableMesh
LogPluginManager: Mounting plugin ExampleDeviceProfileSelector
LogPluginManager: Mounting plugin Firebase
LogPluginManager: Mounting plugin GoogleCloudMessaging
LogPluginManager: Mounting plugin IOSDeviceProfileSelector
LogPluginManager: Mounting plugin LinuxDeviceProfileSelector
LogPluginManager: Mounting plugin LocationServicesBPLibrary
LogPluginManager: Mounting plugin MobilePatchingUtils
LogPluginManager: Mounting plugin OculusVR
LogPluginManager: Mounting plugin PhysXVehicles
LogPluginManager: Mounting plugin ProceduralMeshComponent
LogPluginManager: Mounting plugin RuntimePhysXCooking
LogPluginManager: Mounting plugin SignificanceManager
LogPluginManager: Mounting plugin SteamVR
LogPluginManager: Mounting plugin WebMMoviePlayer
LogPluginManager: Mounting plugin WindowsMoviePlayer
LogInit: Using libcurl 7.55.1-DEV
LogInit:  - built for x86_64-pc-win32
LogInit:  - supports SSL with OpenSSL/1.1.1
LogInit:  - supports HTTP deflate (compression) using libz 1.2.8
LogInit:  - other features:
LogInit:      CURL_VERSION_SSL
LogInit:      CURL_VERSION_LIBZ
LogInit:      CURL_VERSION_IPV6
LogInit:      CURL_VERSION_ASYNCHDNS
LogInit:      CURL_VERSION_LARGEFILE
LogInit:      CURL_VERSION_IDN
LogInit:  CurlRequestOptions (configurable via config and command line):
LogInit:  - bVerifyPeer = true  - Libcurl will verify peer certificate
LogInit:  - bUseHttpProxy = false  - Libcurl will NOT use HTTP proxy
LogInit:  - bDontReuseConnections = false  - Libcurl will reuse connections
LogInit:  - MaxHostConnections = 16  - Libcurl will limit the number of connections to a host
LogInit:  - LocalHostAddr = Default
LogInit:  - BufferSize = 65536
LogInit: WinSock: version 1.1 (2.2), MaxSocks=32767, MaxUdp=65467
LogInit: Build: ++UE4+Release-4.22-CL-7053642
LogInit: Engine Version: 4.22.3-7053642+++UE4+Release-4.22
LogInit: Compatible Engine Version: 4.22.0-5660361+++UE4+Release-4.22
LogInit: Net CL: 5660361
LogInit: OS: Windows 10 (Release 1809) (), CPU: Intel(R) Core(TM) i7-7700K CPU @ 4.20GHz, GPU: NVIDIA GeForce GTX 1080 Ti
LogInit: Compiled (64-bit): Jun 18 2019 03:09:11
LogInit: Compiled with Visual C++: 19.16.27025.01
LogInit: Build Configuration: Development
LogInit: Branch Name: ++UE4+Release-4.22
LogInit: Command Line: 
LogInit: Base Directory: C:/Program Files/Epic Games/UE_4.22/Engine/Binaries/Win64/
LogInit: Installed Engine Build: 1
LogDevObjectVersion: Number of dev versions registered: 23
LogDevObjectVersion:   Dev-Blueprints (B0D832E4-1F89-4F0D-ACCF-7EB736FD4AA2): 10
LogDevObjectVersion:   Dev-Build (E1C64328-A22C-4D53-A36C-8E866417BD8C): 0
LogDevObjectVersion:   Dev-Core (375EC13C-06E4-48FB-B500-84F0262A717E): 3
LogDevObjectVersion:   Dev-Editor (E4B068ED-F494-42E9-A231-DA0B2E46BB41): 30
LogDevObjectVersion:   Dev-Framework (CFFC743F-43B0-4480-9391-14DF171D2073): 35
LogDevObjectVersion:   Dev-Mobile (B02B49B5-BB20-44E9-A304-32B752E40360): 2
LogDevObjectVersion:   Dev-Networking (A4E4105C-59A1-49B5-A7C5-40C4547EDFEE): 0
LogDevObjectVersion:   Dev-Online (39C831C9-5AE6-47DC-9A44-9C173E1C8E7C): 0
LogDevObjectVersion:   Dev-Physics (78F01B33-EBEA-4F98-B9B4-84EACCB95AA2): 0
LogDevObjectVersion:   Dev-Platform (6631380F-2D4D-43E0-8009-CF276956A95A): 0
LogDevObjectVersion:   Dev-Rendering (12F88B9F-8875-4AFC-A67C-D90C383ABD29): 28
LogDevObjectVersion:   Dev-Sequencer (7B5AE74C-D270-4C10-A958-57980B212A5A): 11
LogDevObjectVersion:   Dev-VR (D7296918-1DD6-4BDD-9DE2-64A83CC13884): 2
LogDevObjectVersion:   Dev-LoadTimes (C2A15278-BFE7-4AFE-6C17-90FF531DF755): 1
LogDevObjectVersion:   Private-Geometry (6EACA3D4-40EC-4CC1-B786-8BED09428FC5): 3
LogDevObjectVersion:   Dev-AnimPhys (29E575DD-E0A3-4627-9D10-D276232CDCEA): 17
LogDevObjectVersion:   Dev-Anim (AF43A65D-7FD3-4947-9873-3E8ED9C1BB05): 2
LogDevObjectVersion:   Dev-ReflectionCapture (6B266CEC-1EC7-4B8F-A30B-E4D90942FC07): 1
LogDevObjectVersion:   Dev-Automation (0DF73D61-A23F-47EA-B727-89E90C41499A): 1
LogDevObjectVersion:   FortniteMain (601D1886-AC64-4F84-AA16-D3DE0DEAC7D6): 25
LogDevObjectVersion:   Dev-Enterprise (9DFFBCD6-494F-0158-E221-12823C92A888): 6
LogDevObjectVersion:   Dev-Niagara (F2AED0AC-9AFE-416F-8664-AA7FFA26D6FC): 1
LogDevObjectVersion:   Dev-Destruction (174F1F0B-B4C6-45A5-B13F-2EE8D0FB917D): 2
LogInit: Presizing for max 16777216 objects, including 0 objects not considered by GC, pre-allocating 0 bytes for permanent pool.
LogInit: Object subsystem initialized
LogConfig: Setting CVar [[con.DebugEarlyDefault:1]]
LogConfig: Setting CVar [[r.setres:1280x720]]
[2020.01.07-17.12.44:003][  0]LogConfig: Setting CVar [[r.VSync:0]]
[2020.01.07-17.12.44:003][  0]LogConfig: Setting CVar [[r.RHICmdBypass:0]]
[2020.01.07-17.12.44:003][  0]LogConfig: Applying CVar settings from Section [/Script/Engine.RendererSettings] File [C:/git/DVI/DVIFinal/PracticaFinal/Saved/Config/Windows/Engine.ini]
[2020.01.07-17.12.44:003][  0]LogConfig: Setting CVar [[r.GPUCrashDebugging:0]]
[2020.01.07-17.12.44:003][  0]LogConfig: Applying CVar settings from Section [/Script/Engine.RendererOverrideSettings] File [C:/git/DVI/DVIFinal/PracticaFinal/Saved/Config/Windows/Engine.ini]
[2020.01.07-17.12.44:003][  0]LogConfig: Applying CVar settings from Section [/Script/Engine.StreamingSettings] File [C:/git/DVI/DVIFinal/PracticaFinal/Saved/Config/Windows/Engine.ini]
[2020.01.07-17.12.44:003][  0]LogConfig: Setting CVar [[s.MinBulkDataSizeForAsyncLoading:131072]]
[2020.01.07-17.12.44:003][  0]LogConfig: Setting CVar [[s.AsyncLoadingThreadEnabled:0]]
[2020.01.07-17.12.44:003][  0]LogConfig: Setting CVar [[s.EventDrivenLoaderEnabled:1]]
[2020.01.07-17.12.44:003][  0]LogConfig: Setting CVar [[s.WarnIfTimeLimitExceeded:0]]
[2020.01.07-17.12.44:003][  0]LogConfig: Setting CVar [[s.TimeLimitExceededMultiplier:1.5]]
[2020.01.07-17.12.44:003][  0]LogConfig: Setting CVar [[s.TimeLimitExceededMinTime:0.005]]
[2020.01.07-17.12.44:003][  0]LogConfig: Setting CVar [[s.UseBackgroundLevelStreaming:1]]
[2020.01.07-17.12.44:003][  0]LogConfig: Setting CVar [[s.PriorityAsyncLoadingExtraTime:15.0]]
[2020.01.07-17.12.44:003][  0]LogConfig: Setting CVar [[s.LevelStreamingActorsUpdateTimeLimit:5.0]]
[2020.01.07-17.12.44:003][  0]LogConfig: Setting CVar [[s.PriorityLevelStreamingActorsUpdateExtraTime:5.0]]
[2020.01.07-17.12.44:003][  0]LogConfig: Setting CVar [[s.LevelStreamingComponentsRegistrationGranularity:10]]
[2020.01.07-17.12.44:003][  0]LogConfig: Setting CVar [[s.UnregisterComponentsTimeLimit:1.0]]
[2020.01.07-17.12.44:003][  0]LogConfig: Setting CVar [[s.LevelStreamingComponentsUnregistrationGranularity:5]]
[2020.01.07-17.12.44:003][  0]LogConfig: Applying CVar settings from Section [/Script/Engine.GarbageCollectionSettings] File [C:/git/DVI/DVIFinal/PracticaFinal/Saved/Config/Windows/Engine.ini]
[2020.01.07-17.12.44:003][  0]LogConfig: Setting CVar [[gc.MaxObjectsNotConsideredByGC:1]]
[2020.01.07-17.12.44:003][  0]LogConfig: Setting CVar [[gc.SizeOfPermanentObjectPool:0]]
[2020.01.07-17.12.44:003][  0]LogConfig: Setting CVar [[gc.FlushStreamingOnGC:0]]
[2020.01.07-17.12.44:003][  0]LogConfig: Setting CVar [[gc.NumRetriesBeforeForcingGC:10]]
[2020.01.07-17.12.44:003][  0]LogConfig: Setting CVar [[gc.AllowParallelGC:1]]
[2020.01.07-17.12.44:003][  0]LogConfig: Setting CVar [[gc.TimeBetweenPurgingPendingKillObjects:61.1]]
[2020.01.07-17.12.44:003][  0]LogConfig: Setting CVar [[gc.MaxObjectsInEditor:16777216]]
[2020.01.07-17.12.44:003][  0]LogConfig: Setting CVar [[gc.IncrementalBeginDestroyEnabled:1]]
[2020.01.07-17.12.44:003][  0]LogConfig: Setting CVar [[gc.CreateGCClusters:1]]
[2020.01.07-17.12.44:003][  0]LogConfig: Setting CVar [[gc.MinGCClusterSize:5]]
[2020.01.07-17.12.44:004][  0]LogConfig: Setting CVar [[gc.ActorClusteringEnabled:0]]
[2020.01.07-17.12.44:004][  0]LogConfig: Setting CVar [[gc.BlueprintClusteringEnabled:0]]
[2020.01.07-17.12.44:004][  0]LogConfig: Setting CVar [[gc.UseDisregardForGCOnDedicatedServers:0]]
[2020.01.07-17.12.44:004][  0]LogConfig: Applying CVar settings from Section [/Script/Engine.NetworkSettings] File [C:/git/DVI/DVIFinal/PracticaFinal/Saved/Config/Windows/Engine.ini]
[2020.01.07-17.12.44:004][  0]LogConfig: Applying CVar settings from Section [/Script/UnrealEd.CookerSettings] File [C:/git/DVI/DVIFinal/PracticaFinal/Saved/Config/Windows/Engine.ini]
[2020.01.07-17.12.44:009][  0]LogConfig: Applying CVar settings from Section [ViewDistanceQuality@3] File [C:/git/DVI/DVIFinal/PracticaFinal/Saved/Config/Windows/Scalability.ini]
[2020.01.07-17.12.44:009][  0]LogConfig: Setting CVar [[r.SkeletalMeshLODBias:0]]
[2020.01.07-17.12.44:009][  0]LogConfig: Setting CVar [[r.ViewDistanceScale:1.0]]
[2020.01.07-17.12.44:009][  0]LogConfig: Applying CVar settings from Section [AntiAliasingQuality@3] File [C:/git/DVI/DVIFinal/PracticaFinal/Saved/Config/Windows/Scalability.ini]
[2020.01.07-17.12.44:009][  0]LogConfig: Setting CVar [[r.PostProcessAAQuality:4]]
[2020.01.07-17.12.44:009][  0]LogConfig: Applying CVar settings from Section [ShadowQuality@3] File [C:/git/DVI/DVIFinal/PracticaFinal/Saved/Config/Windows/Scalability.ini]
[2020.01.07-17.12.44:009][  0]LogConfig: Setting CVar [[r.LightFunctionQuality:1]]
[2020.01.07-17.12.44:009][  0]LogConfig: Setting CVar [[r.ShadowQuality:5]]
[2020.01.07-17.12.44:009][  0]LogConfig: Setting CVar [[r.Shadow.CSM.MaxCascades:10]]
[2020.01.07-17.12.44:009][  0]LogConfig: Setting CVar [[r.Shadow.MaxResolution:2048]]
[2020.01.07-17.12.44:009][  0]LogConfig: Setting CVar [[r.Shadow.MaxCSMResolution:2048]]
[2020.01.07-17.12.44:009][  0]LogConfig: Setting CVar [[r.Shadow.RadiusThreshold:0.01]]
[2020.01.07-17.12.44:009][  0]LogConfig: Setting CVar [[r.Shadow.DistanceScale:1.0]]
[2020.01.07-17.12.44:009][  0]LogConfig: Setting CVar [[r.Shadow.CSM.TransitionScale:1.0]]
[2020.01.07-17.12.44:009][  0]LogConfig: Setting CVar [[r.Shadow.PreShadowResolutionFactor:1.0]]
[2020.01.07-17.12.44:009][  0]LogConfig: Setting CVar [[r.DistanceFieldShadowing:1]]
[2020.01.07-17.12.44:009][  0]LogConfig: Setting CVar [[r.DistanceFieldAO:1]]
[2020.01.07-17.12.44:009][  0]LogConfig: Setting CVar [[r.AOQuality:2]]
[2020.01.07-17.12.44:009][  0]LogConfig: Setting CVar [[r.VolumetricFog:1]]
[2020.01.07-17.12.44:009][  0]LogConfig: Setting CVar [[r.VolumetricFog.GridPixelSize:8]]
[2020.01.07-17.12.44:009][  0]LogConfig: Setting CVar [[r.VolumetricFog.GridSizeZ:128]]
[2020.01.07-17.12.44:009][  0]LogConfig: Setting CVar [[r.VolumetricFog.HistoryMissSupersampleCount:4]]
[2020.01.07-17.12.44:009][  0]LogConfig: Setting CVar [[r.LightMaxDrawDistanceScale:1]]
[2020.01.07-17.12.44:009][  0]LogConfig: Setting CVar [[r.CapsuleShadows:1]]
[2020.01.07-17.12.44:009][  0]LogConfig: Applying CVar settings from Section [PostProcessQuality@3] File [C:/git/DVI/DVIFinal/PracticaFinal/Saved/Config/Windows/Scalability.ini]
[2020.01.07-17.12.44:009][  0]LogConfig: Setting CVar [[r.MotionBlurQuality:4]]
[2020.01.07-17.12.44:009][  0]LogConfig: Setting CVar [[r.AmbientOcclusionMipLevelFactor:0.4]]
[2020.01.07-17.12.44:009][  0]LogConfig: Setting CVar [[r.AmbientOcclusionMaxQuality:100]]
[2020.01.07-17.12.44:009][  0]LogConfig: Setting CVar [[r.AmbientOcclusionLevels:-1]]
[2020.01.07-17.12.44:009][  0]LogConfig: Setting CVar [[r.AmbientOcclusionRadiusScale:1.0]]
[2020.01.07-17.12.44:009][  0]LogConfig: Setting CVar [[r.DepthOfFieldQuality:2]]
[2020.01.07-17.12.44:009][  0]LogConfig: Setting CVar [[r.RenderTargetPoolMin:400]]
[2020.01.07-17.12.44:009][  0]LogConfig: Setting CVar [[r.LensFlareQuality:2]]
[2020.01.07-17.12.44:009][  0]LogConfig: Setting CVar [[r.SceneColorFringeQuality:1]]
[2020.01.07-17.12.44:009][  0]LogConfig: Setting CVar [[r.EyeAdaptationQuality:2]]
[2020.01.07-17.12.44:009][  0]LogConfig: Setting CVar [[r.BloomQuality:5]]
[2020.01.07-17.12.44:009][  0]LogConfig: Setting CVar [[r.FastBlurThreshold:100]]
[2020.01.07-17.12.44:009][  0]LogConfig: Setting CVar [[r.Upscale.Quality:3]]
[2020.01.07-17.12.44:009][  0]LogConfig: Setting CVar [[r.Tonemapper.GrainQuantization:1]]
[2020.01.07-17.12.44:009][  0]LogConfig: Setting CVar [[r.LightShaftQuality:1]]
[2020.01.07-17.12.44:009][  0]LogConfig: Setting CVar [[r.Filter.SizeScale:1]]
[2020.01.07-17.12.44:009][  0]LogConfig: Setting CVar [[r.Tonemapper.Quality:5]]
[2020.01.07-17.12.44:009][  0]LogConfig: Setting CVar [[r.DOF.Gather.AccumulatorQuality:1        ; higher gathering accumulator quality]]
[2020.01.07-17.12.44:009][  0]LogConfig: Setting CVar [[r.DOF.Gather.PostfilterMethod:1          ; Median3x3 postfilering method]]
[2020.01.07-17.12.44:009][  0]LogConfig: Setting CVar [[r.DOF.Gather.EnableBokehSettings:0       ; no bokeh simulation when gathering]]
[2020.01.07-17.12.44:009][  0]LogConfig: Setting CVar [[r.DOF.Gather.RingCount:4                 ; medium number of samples when gathering]]
[2020.01.07-17.12.44:009][  0]LogConfig: Setting CVar [[r.DOF.Scatter.ForegroundCompositing:1    ; additive foreground scattering]]
[2020.01.07-17.12.44:009][  0]LogConfig: Setting CVar [[r.DOF.Scatter.BackgroundCompositing:2    ; additive background scattering]]
[2020.01.07-17.12.44:009][  0]LogConfig: Setting CVar [[r.DOF.Scatter.EnableBokehSettings:1      ; bokeh simulation when scattering]]
[2020.01.07-17.12.44:009][  0]LogConfig: Setting CVar [[r.DOF.Scatter.MaxSpriteRatio:0.1         ; only a maximum of 10% of scattered bokeh]]
[2020.01.07-17.12.44:009][  0]LogConfig: Setting CVar [[r.DOF.Recombine.Quality:1                ; cheap slight out of focus]]
[2020.01.07-17.12.44:009][  0]LogConfig: Setting CVar [[r.DOF.Recombine.EnableBokehSettings:0    ; no bokeh simulation on slight out of focus]]
[2020.01.07-17.12.44:009][  0]LogConfig: Setting CVar [[r.DOF.TemporalAAQuality:1                ; more stable temporal accumulation]]
[2020.01.07-17.12.44:009][  0]LogConfig: Setting CVar [[r.DOF.Kernel.MaxForegroundRadius:0.025]]
[2020.01.07-17.12.44:009][  0]LogConfig: Setting CVar [[r.DOF.Kernel.MaxBackgroundRadius:0.025]]
[2020.01.07-17.12.44:009][  0]LogConfig: Applying CVar settings from Section [TextureQuality@3] File [C:/git/DVI/DVIFinal/PracticaFinal/Saved/Config/Windows/Scalability.ini]
[2020.01.07-17.12.44:009][  0]LogConfig: Setting CVar [[r.Streaming.MipBias:0]]
[2020.01.07-17.12.44:009][  0]LogConfig: Setting CVar [[r.Streaming.AmortizeCPUToGPUCopy:0]]
[2020.01.07-17.12.44:009][  0]LogConfig: Setting CVar [[r.Streaming.MaxNumTexturesToStreamPerFrame:0]]
[2020.01.07-17.12.44:010][  0]LogConfig: Setting CVar [[r.Streaming.Boost:1]]
[2020.01.07-17.12.44:010][  0]LogConfig: Setting CVar [[r.MaxAnisotropy:8]]
[2020.01.07-17.12.44:010][  0]LogConfig: Setting CVar [[r.Streaming.LimitPoolSizeToVRAM:0]]
[2020.01.07-17.12.44:010][  0]LogConfig: Setting CVar [[r.Streaming.PoolSize:1000]]
[2020.01.07-17.12.44:010][  0]LogConfig: Setting CVar [[r.Streaming.MaxEffectiveScreenSize:0]]
[2020.01.07-17.12.44:010][  0]LogConfig: Applying CVar settings from Section [EffectsQuality@3] File [C:/git/DVI/DVIFinal/PracticaFinal/Saved/Config/Windows/Scalability.ini]
[2020.01.07-17.12.44:010][  0]LogConfig: Setting CVar [[r.TranslucencyLightingVolumeDim:64]]
[2020.01.07-17.12.44:010][  0]LogConfig: Setting CVar [[r.RefractionQuality:2]]
[2020.01.07-17.12.44:010][  0]LogConfig: Setting CVar [[r.SSR.Quality:3]]
[2020.01.07-17.12.44:010][  0]LogConfig: Setting CVar [[r.SceneColorFormat:4]]
[2020.01.07-17.12.44:010][  0]LogConfig: Setting CVar [[r.DetailMode:2]]
[2020.01.07-17.12.44:010][  0]LogConfig: Setting CVar [[r.TranslucencyVolumeBlur:1]]
[2020.01.07-17.12.44:010][  0]LogConfig: Setting CVar [[r.MaterialQualityLevel:1 ; High quality]]
[2020.01.07-17.12.44:010][  0]LogConfig: Setting CVar [[r.SSS.Scale:1]]
[2020.01.07-17.12.44:010][  0]LogConfig: Setting CVar [[r.SSS.SampleSet:2]]
[2020.01.07-17.12.44:010][  0]LogConfig: Setting CVar [[r.SSS.Quality:1]]
[2020.01.07-17.12.44:010][  0]LogConfig: Setting CVar [[r.SSS.HalfRes:1]]
[2020.01.07-17.12.44:010][  0]LogConfig: Setting CVar [[r.EmitterSpawnRateScale:1.0]]
[2020.01.07-17.12.44:010][  0]LogConfig: Setting CVar [[r.ParticleLightQuality:2]]
[2020.01.07-17.12.44:010][  0]LogConfig: Applying CVar settings from Section [FoliageQuality@3] File [C:/git/DVI/DVIFinal/PracticaFinal/Saved/Config/Windows/Scalability.ini]
[2020.01.07-17.12.44:010][  0]LogConfig: Setting CVar [[foliage.DensityScale:1.0]]
[2020.01.07-17.12.44:010][  0]LogConfig: Setting CVar [[grass.DensityScale:1.0]]
[2020.01.07-17.12.44:011][  0]LogInit: Selected Device Profile: [Windows]
[2020.01.07-17.12.44:011][  0]LogInit: Applying CVar settings loaded from the selected device profile: [Windows]
[2020.01.07-17.12.44:031][  0]LogHAL: Display: Platform has ~ 16 GB [17140359168 / 17179869184 / 16], which maps to Larger [LargestMinGB=32, LargerMinGB=12, DefaultMinGB=8, SmallerMinGB=6, SmallestMinGB=0)
[2020.01.07-17.12.44:032][  0]LogConfig: Setting CVar [[r.Vulkan.UseRealUBs:0		; Required until we fix HLR fall-out]]
[2020.01.07-17.12.44:032][  0]LogInit: Going up to parent DeviceProfile []
[2020.01.07-17.12.44:033][  0]LogConfig: Applying CVar settings from Section [ViewDistanceQuality@3] File [C:/git/DVI/DVIFinal/PracticaFinal/Saved/Config/Windows/Scalability.ini]
[2020.01.07-17.12.44:033][  0]LogConfig: Setting CVar [[r.SkeletalMeshLODBias:0]]
[2020.01.07-17.12.44:033][  0]LogConfig: Setting CVar [[r.ViewDistanceScale:1.0]]
[2020.01.07-17.12.44:033][  0]LogConfig: Applying CVar settings from Section [AntiAliasingQuality@3] File [C:/git/DVI/DVIFinal/PracticaFinal/Saved/Config/Windows/Scalability.ini]
[2020.01.07-17.12.44:033][  0]LogConfig: Setting CVar [[r.PostProcessAAQuality:4]]
[2020.01.07-17.12.44:033][  0]LogConfig: Applying CVar settings from Section [ShadowQuality@3] File [C:/git/DVI/DVIFinal/PracticaFinal/Saved/Config/Windows/Scalability.ini]
[2020.01.07-17.12.44:033][  0]LogConfig: Setting CVar [[r.LightFunctionQuality:1]]
[2020.01.07-17.12.44:033][  0]LogConfig: Setting CVar [[r.ShadowQuality:5]]
[2020.01.07-17.12.44:033][  0]LogConfig: Setting CVar [[r.Shadow.CSM.MaxCascades:10]]
[2020.01.07-17.12.44:033][  0]LogConfig: Setting CVar [[r.Shadow.MaxResolution:2048]]
[2020.01.07-17.12.44:033][  0]LogConfig: Setting CVar [[r.Shadow.MaxCSMResolution:2048]]
[2020.01.07-17.12.44:033][  0]LogConfig: Setting CVar [[r.Shadow.RadiusThreshold:0.01]]
[2020.01.07-17.12.44:033][  0]LogConfig: Setting CVar [[r.Shadow.DistanceScale:1.0]]
[2020.01.07-17.12.44:033][  0]LogConfig: Setting CVar [[r.Shadow.CSM.TransitionScale:1.0]]
[2020.01.07-17.12.44:033][  0]LogConfig: Setting CVar [[r.Shadow.PreShadowResolutionFactor:1.0]]
[2020.01.07-17.12.44:033][  0]LogConfig: Setting CVar [[r.DistanceFieldShadowing:1]]
[2020.01.07-17.12.44:033][  0]LogConfig: Setting CVar [[r.DistanceFieldAO:1]]
[2020.01.07-17.12.44:033][  0]LogConfig: Setting CVar [[r.AOQuality:2]]
[2020.01.07-17.12.44:033][  0]LogConfig: Setting CVar [[r.VolumetricFog:1]]
[2020.01.07-17.12.44:033][  0]LogConfig: Setting CVar [[r.VolumetricFog.GridPixelSize:8]]
[2020.01.07-17.12.44:033][  0]LogConfig: Setting CVar [[r.VolumetricFog.GridSizeZ:128]]
[2020.01.07-17.12.44:033][  0]LogConfig: Setting CVar [[r.VolumetricFog.HistoryMissSupersampleCount:4]]
[2020.01.07-17.12.44:033][  0]LogConfig: Setting CVar [[r.LightMaxDrawDistanceScale:1]]
[2020.01.07-17.12.44:033][  0]LogConfig: Setting CVar [[r.CapsuleShadows:1]]
[2020.01.07-17.12.44:033][  0]LogConfig: Applying CVar settings from Section [PostProcessQuality@3] File [C:/git/DVI/DVIFinal/PracticaFinal/Saved/Config/Windows/Scalability.ini]
[2020.01.07-17.12.44:033][  0]LogConfig: Setting CVar [[r.MotionBlurQuality:4]]
[2020.01.07-17.12.44:033][  0]LogConfig: Setting CVar [[r.AmbientOcclusionMipLevelFactor:0.4]]
[2020.01.07-17.12.44:033][  0]LogConfig: Setting CVar [[r.AmbientOcclusionMaxQuality:100]]
[2020.01.07-17.12.44:033][  0]LogConfig: Setting CVar [[r.AmbientOcclusionLevels:-1]]
[2020.01.07-17.12.44:033][  0]LogConfig: Setting CVar [[r.AmbientOcclusionRadiusScale:1.0]]
[2020.01.07-17.12.44:033][  0]LogConfig: Setting CVar [[r.DepthOfFieldQuality:2]]
[2020.01.07-17.12.44:033][  0]LogConfig: Setting CVar [[r.RenderTargetPoolMin:400]]
[2020.01.07-17.12.44:033][  0]LogConfig: Setting CVar [[r.LensFlareQuality:2]]
[2020.01.07-17.12.44:033][  0]LogConfig: Setting CVar [[r.SceneColorFringeQuality:1]]
[2020.01.07-17.12.44:033][  0]LogConfig: Setting CVar [[r.EyeAdaptationQuality:2]]
[2020.01.07-17.12.44:033][  0]LogConfig: Setting CVar [[r.BloomQuality:5]]
[2020.01.07-17.12.44:033][  0]LogConfig: Setting CVar [[r.FastBlurThreshold:100]]
[2020.01.07-17.12.44:033][  0]LogConfig: Setting CVar [[r.Upscale.Quality:3]]
[2020.01.07-17.12.44:033][  0]LogConfig: Setting CVar [[r.Tonemapper.GrainQuantization:1]]
[2020.01.07-17.12.44:033][  0]LogConfig: Setting CVar [[r.LightShaftQuality:1]]
[2020.01.07-17.12.44:033][  0]LogConfig: Setting CVar [[r.Filter.SizeScale:1]]
[2020.01.07-17.12.44:033][  0]LogConfig: Setting CVar [[r.Tonemapper.Quality:5]]
[2020.01.07-17.12.44:033][  0]LogConfig: Setting CVar [[r.DOF.Gather.AccumulatorQuality:1        ; higher gathering accumulator quality]]
[2020.01.07-17.12.44:034][  0]LogConfig: Setting CVar [[r.DOF.Gather.PostfilterMethod:1          ; Median3x3 postfilering method]]
[2020.01.07-17.12.44:034][  0]LogConfig: Setting CVar [[r.DOF.Gather.EnableBokehSettings:0       ; no bokeh simulation when gathering]]
[2020.01.07-17.12.44:034][  0]LogConfig: Setting CVar [[r.DOF.Gather.RingCount:4                 ; medium number of samples when gathering]]
[2020.01.07-17.12.44:034][  0]LogConfig: Setting CVar [[r.DOF.Scatter.ForegroundCompositing:1    ; additive foreground scattering]]
[2020.01.07-17.12.44:034][  0]LogConfig: Setting CVar [[r.DOF.Scatter.BackgroundCompositing:2    ; additive background scattering]]
[2020.01.07-17.12.44:034][  0]LogConfig: Setting CVar [[r.DOF.Scatter.EnableBokehSettings:1      ; bokeh simulation when scattering]]
[2020.01.07-17.12.44:034][  0]LogConfig: Setting CVar [[r.DOF.Scatter.MaxSpriteRatio:0.1         ; only a maximum of 10% of scattered bokeh]]
[2020.01.07-17.12.44:034][  0]LogConfig: Setting CVar [[r.DOF.Recombine.Quality:1                ; cheap slight out of focus]]
[2020.01.07-17.12.44:034][  0]LogConfig: Setting CVar [[r.DOF.Recombine.EnableBokehSettings:0    ; no bokeh simulation on slight out of focus]]
[2020.01.07-17.12.44:034][  0]LogConfig: Setting CVar [[r.DOF.TemporalAAQuality:1                ; more stable temporal accumulation]]
[2020.01.07-17.12.44:034][  0]LogConfig: Setting CVar [[r.DOF.Kernel.MaxForegroundRadius:0.025]]
[2020.01.07-17.12.44:034][  0]LogConfig: Setting CVar [[r.DOF.Kernel.MaxBackgroundRadius:0.025]]
[2020.01.07-17.12.44:034][  0]LogConfig: Applying CVar settings from Section [TextureQuality@3] File [C:/git/DVI/DVIFinal/PracticaFinal/Saved/Config/Windows/Scalability.ini]
[2020.01.07-17.12.44:034][  0]LogConfig: Setting CVar [[r.Streaming.MipBias:0]]
[2020.01.07-17.12.44:034][  0]LogConfig: Setting CVar [[r.Streaming.AmortizeCPUToGPUCopy:0]]
[2020.01.07-17.12.44:034][  0]LogConfig: Setting CVar [[r.Streaming.MaxNumTexturesToStreamPerFrame:0]]
[2020.01.07-17.12.44:034][  0]LogConfig: Setting CVar [[r.Streaming.Boost:1]]
[2020.01.07-17.12.44:034][  0]LogConfig: Setting CVar [[r.MaxAnisotropy:8]]
[2020.01.07-17.12.44:034][  0]LogConfig: Setting CVar [[r.Streaming.LimitPoolSizeToVRAM:0]]
[2020.01.07-17.12.44:034][  0]LogConfig: Setting CVar [[r.Streaming.PoolSize:1000]]
[2020.01.07-17.12.44:034][  0]LogConfig: Setting CVar [[r.Streaming.MaxEffectiveScreenSize:0]]
[2020.01.07-17.12.44:034][  0]LogConfig: Applying CVar settings from Section [EffectsQuality@3] File [C:/git/DVI/DVIFinal/PracticaFinal/Saved/Config/Windows/Scalability.ini]
[2020.01.07-17.12.44:034][  0]LogConfig: Setting CVar [[r.TranslucencyLightingVolumeDim:64]]
[2020.01.07-17.12.44:034][  0]LogConfig: Setting CVar [[r.RefractionQuality:2]]
[2020.01.07-17.12.44:034][  0]LogConfig: Setting CVar [[r.SSR.Quality:3]]
[2020.01.07-17.12.44:034][  0]LogConfig: Setting CVar [[r.SceneColorFormat:4]]
[2020.01.07-17.12.44:034][  0]LogConfig: Setting CVar [[r.DetailMode:2]]
[2020.01.07-17.12.44:034][  0]LogConfig: Setting CVar [[r.TranslucencyVolumeBlur:1]]
[2020.01.07-17.12.44:034][  0]LogConfig: Setting CVar [[r.MaterialQualityLevel:1 ; High quality]]
[2020.01.07-17.12.44:034][  0]LogConfig: Setting CVar [[r.SSS.Scale:1]]
[2020.01.07-17.12.44:034][  0]LogConfig: Setting CVar [[r.SSS.SampleSet:2]]
[2020.01.07-17.12.44:034][  0]LogConfig: Setting CVar [[r.SSS.Quality:1]]
[2020.01.07-17.12.44:034][  0]LogConfig: Setting CVar [[r.SSS.HalfRes:1]]
[2020.01.07-17.12.44:034][  0]LogConfig: Setting CVar [[r.EmitterSpawnRateScale:1.0]]
[2020.01.07-17.12.44:034][  0]LogConfig: Setting CVar [[r.ParticleLightQuality:2]]
[2020.01.07-17.12.44:034][  0]LogConfig: Applying CVar settings from Section [FoliageQuality@3] File [C:/git/DVI/DVIFinal/PracticaFinal/Saved/Config/Windows/Scalability.ini]
[2020.01.07-17.12.44:034][  0]LogConfig: Setting CVar [[foliage.DensityScale:1.0]]
[2020.01.07-17.12.44:034][  0]LogConfig: Setting CVar [[grass.DensityScale:1.0]]
[2020.01.07-17.12.44:034][  0]LogConfig: Applying CVar settings from Section [Startup] File [../../../Engine/Config/ConsoleVariables.ini]
[2020.01.07-17.12.44:038][  0]LogConfig: Setting CVar [[net.UseAdaptiveNetUpdateFrequency:0]]
[2020.01.07-17.12.44:038][  0]LogConfig: Setting CVar [[p.chaos.AllowCreatePhysxBodies:1]]
[2020.01.07-17.12.44:038][  0]LogConfig: Applying CVar settings from Section [ConsoleVariables] File [C:/git/DVI/DVIFinal/PracticaFinal/Saved/Config/Windows/Engine.ini]
[2020.01.07-17.12.44:039][  0]LogInit: Computer: DESKTOP-U1042FA
[2020.01.07-17.12.44:039][  0]LogInit: User: 77chu
[2020.01.07-17.12.44:039][  0]LogInit: CPU Page size=4096, Cores=4
[2020.01.07-17.12.44:039][  0]LogInit: High frequency timer resolution =10.000000 MHz
[2020.01.07-17.12.44:039][  0]LogMemory: Memory total: Physical=16.0GB (16GB approx)
[2020.01.07-17.12.44:039][  0]LogMemory: Platform Memory Stats for Windows
[2020.01.07-17.12.44:039][  0]LogMemory: Process Physical Memory: 98.14 MB used, 98.14 MB peak
[2020.01.07-17.12.44:039][  0]LogMemory: Process Virtual Memory: 89.05 MB used, 89.05 MB peak
[2020.01.07-17.12.44:039][  0]LogMemory: Physical Memory: 5100.50 MB used,  11245.82 MB free, 16346.32 MB total
[2020.01.07-17.12.44:039][  0]LogMemory: Virtual Memory: 4656.46 MB used,  134213072.00 MB free, 134217728.00 MB total
[2020.01.07-17.12.44:248][  0]LogInit: Overriding language with editor language configuration option (en).
[2020.01.07-17.12.44:248][  0]LogInit: Overriding locale with editor locale configuration option (en).
[2020.01.07-17.12.44:531][  0]LogInit: Setting process to per monitor DPI aware
[2020.01.07-17.12.44:604][  0]LogSlate: New Slate User Created.  User Index 0, Is Virtual User: 0
[2020.01.07-17.12.44:604][  0]LogSlate: Slate User Registered.  User Index 0, Is Virtual User: 0
[2020.01.07-17.12.46:334][  0]LogHMD: Failed to initialize OpenVR with code 110
[2020.01.07-17.12.46:334][  0]LogD3D11RHI: D3D11 adapters:
[2020.01.07-17.12.46:380][  0]LogD3D11RHI:    0. 'NVIDIA GeForce GTX 1080 Ti' (Feature Level 11_0)
[2020.01.07-17.12.46:380][  0]LogD3D11RHI:       11127/0/8173 MB DedicatedVideo/DedicatedSystem/SharedSystem, Outputs:1, VendorId:0x10de
[2020.01.07-17.12.46:381][  0]LogD3D11RHI:    1. 'Microsoft Basic Render Driver' (Feature Level 11_0)
[2020.01.07-17.12.46:381][  0]LogD3D11RHI:       0/0/8173 MB DedicatedVideo/DedicatedSystem/SharedSystem, Outputs:0, VendorId:0x1414
[2020.01.07-17.12.46:381][  0]LogD3D11RHI: Chosen D3D11 Adapter: 0
[2020.01.07-17.12.46:388][  0]LogD3D11RHI: Creating new Direct3DDevice
[2020.01.07-17.12.46:388][  0]LogD3D11RHI:     GPU DeviceId: 0x1b06 (for the marketing name, search the web for "GPU Device Id")
[2020.01.07-17.12.46:388][  0]LogWindows: EnumDisplayDevices:
[2020.01.07-17.12.46:388][  0]LogWindows:    0. 'NVIDIA GeForce GTX 1080 Ti' (P:1 D:1)
[2020.01.07-17.12.46:388][  0]LogWindows:    1. 'NVIDIA GeForce GTX 1080 Ti' (P:0 D:0)
[2020.01.07-17.12.46:388][  0]LogWindows:    2. 'NVIDIA GeForce GTX 1080 Ti' (P:0 D:0)
[2020.01.07-17.12.46:388][  0]LogWindows:    3. 'NVIDIA GeForce GTX 1080 Ti' (P:0 D:0)
[2020.01.07-17.12.46:388][  0]LogWindows: DebugString: FoundDriverCount:4 
[2020.01.07-17.12.46:388][  0]LogD3D11RHI:     Adapter Name: NVIDIA GeForce GTX 1080 Ti
[2020.01.07-17.12.46:388][  0]LogD3D11RHI:   Driver Version: 432.00 (internal:26.21.14.3200, unified:432.00)
[2020.01.07-17.12.46:388][  0]LogD3D11RHI:      Driver Date: 7-24-2019
[2020.01.07-17.12.46:388][  0]LogRHI: Texture pool is 7788 MB (70% of 11127 MB)
[2020.01.07-17.12.46:422][  0]LogD3D11RHI: Async texture creation enabled
[2020.01.07-17.12.46:433][  0]LogRendererCore: FGlobalReadBuffer::InitRHI
[2020.01.07-17.12.46:433][  0]LogRendererCore: FGlobalReadBuffer::InitRHI
[2020.01.07-17.12.46:433][  0]LogRendererCore: FGlobalReadBuffer::InitRHI
[2020.01.07-17.12.46:442][  0]LogD3D11RHI: GPU Timing Frequency: 1000.000000 (Debug: 2 1)
[2020.01.07-17.12.46:807][  0]LogTemp: Display: Module 'AllDesktopTargetPlatform' loaded TargetPlatform 'AllDesktop'
[2020.01.07-17.12.46:819][  0]LogTemp: Display: Module 'MacClientTargetPlatform' loaded TargetPlatform 'MacClient'
[2020.01.07-17.12.46:830][  0]LogTemp: Display: Module 'MacNoEditorTargetPlatform' loaded TargetPlatform 'MacNoEditor'
[2020.01.07-17.12.46:842][  0]LogTemp: Display: Module 'MacServerTargetPlatform' loaded TargetPlatform 'MacServer'
[2020.01.07-17.12.46:857][  0]LogTemp: Display: Module 'MacTargetPlatform' loaded TargetPlatform 'Mac'
[2020.01.07-17.12.46:870][  0]LogTemp: Display: Module 'WindowsClientTargetPlatform' loaded TargetPlatform 'WindowsClient'
[2020.01.07-17.12.46:882][  0]LogTemp: Display: Module 'WindowsNoEditorTargetPlatform' loaded TargetPlatform 'WindowsNoEditor'
[2020.01.07-17.12.46:894][  0]LogTemp: Display: Module 'WindowsServerTargetPlatform' loaded TargetPlatform 'WindowsServer'
[2020.01.07-17.12.46:901][  0]LogTemp: Display: Module 'WindowsTargetPlatform' loaded TargetPlatform 'Windows'
[2020.01.07-17.12.46:974][  0]LogTemp: Display: Module 'AndroidTargetPlatform' loaded TargetPlatform 'Android'
[2020.01.07-17.12.46:974][  0]LogTemp: Display: Module 'AndroidTargetPlatform' loaded TargetPlatform 'Android_ASTC'
[2020.01.07-17.12.46:974][  0]LogTemp: Display: Module 'AndroidTargetPlatform' loaded TargetPlatform 'Android_ATC'
[2020.01.07-17.12.46:974][  0]LogTemp: Display: Module 'AndroidTargetPlatform' loaded TargetPlatform 'Android_DXT'
[2020.01.07-17.12.46:974][  0]LogTemp: Display: Module 'AndroidTargetPlatform' loaded TargetPlatform 'Android_ETC1'
[2020.01.07-17.12.46:974][  0]LogTemp: Display: Module 'AndroidTargetPlatform' loaded TargetPlatform 'Android_ETC1a'
[2020.01.07-17.12.46:974][  0]LogTemp: Display: Module 'AndroidTargetPlatform' loaded TargetPlatform 'Android_ETC2'
[2020.01.07-17.12.46:974][  0]LogTemp: Display: Module 'AndroidTargetPlatform' loaded TargetPlatform 'Android_PVRTC'
[2020.01.07-17.12.46:974][  0]LogTemp: Display: Module 'AndroidTargetPlatform' loaded TargetPlatform 'AndroidClient'
[2020.01.07-17.12.46:974][  0]LogTemp: Display: Module 'AndroidTargetPlatform' loaded TargetPlatform 'Android_ASTCClient'
[2020.01.07-17.12.46:974][  0]LogTemp: Display: Module 'AndroidTargetPlatform' loaded TargetPlatform 'Android_ATCClient'
[2020.01.07-17.12.46:974][  0]LogTemp: Display: Module 'AndroidTargetPlatform' loaded TargetPlatform 'Android_DXTClient'
[2020.01.07-17.12.46:974][  0]LogTemp: Display: Module 'AndroidTargetPlatform' loaded TargetPlatform 'Android_ETC1Client'
[2020.01.07-17.12.46:974][  0]LogTemp: Display: Module 'AndroidTargetPlatform' loaded TargetPlatform 'Android_ETC1aClient'
[2020.01.07-17.12.46:974][  0]LogTemp: Display: Module 'AndroidTargetPlatform' loaded TargetPlatform 'Android_ETC2Client'
[2020.01.07-17.12.46:974][  0]LogTemp: Display: Module 'AndroidTargetPlatform' loaded TargetPlatform 'Android_PVRTCClient'
[2020.01.07-17.12.46:974][  0]LogTemp: Display: Module 'AndroidTargetPlatform' loaded TargetPlatform 'Android_Multi'
[2020.01.07-17.12.46:974][  0]LogTemp: Display: Module 'AndroidTargetPlatform' loaded TargetPlatform 'Android_MultiClient'
[2020.01.07-17.12.46:977][  0]LogTemp: Display: Module 'HTML5TargetPlatform' loaded TargetPlatform 'HTML5'
[2020.01.07-17.12.47:032][  0]LogTemp: Display: Module 'IOSTargetPlatform' loaded TargetPlatform 'IOSClient'
[2020.01.07-17.12.47:032][  0]LogTemp: Display: Module 'IOSTargetPlatform' loaded TargetPlatform 'IOS'
[2020.01.07-17.12.47:053][  0]LogTemp: Display: Module 'TVOSTargetPlatform' loaded TargetPlatform 'TVOSClient'
[2020.01.07-17.12.47:053][  0]LogTemp: Display: Module 'TVOSTargetPlatform' loaded TargetPlatform 'TVOS'
[2020.01.07-17.12.47:063][  0]LogTemp: Display: Module 'LinuxClientTargetPlatform' loaded TargetPlatform 'LinuxClient'
[2020.01.07-17.12.47:075][  0]LogTemp: Display: Module 'LinuxNoEditorTargetPlatform' loaded TargetPlatform 'LinuxNoEditor'
[2020.01.07-17.12.47:087][  0]LogTemp: Display: Module 'LinuxServerTargetPlatform' loaded TargetPlatform 'LinuxServer'
[2020.01.07-17.12.47:106][  0]LogTemp: Display: Module 'LinuxTargetPlatform' loaded TargetPlatform 'Linux'
[2020.01.07-17.12.47:142][  0]LogTemp: Display: Module 'LuminTargetPlatform' loaded TargetPlatform 'Lumin'
[2020.01.07-17.12.47:142][  0]LogTemp: Display: Module 'LuminTargetPlatform' loaded TargetPlatform 'LuminClient'
[2020.01.07-17.12.47:142][  0]LogTargetPlatformManager: Display: Building Assets For Windows
[2020.01.07-17.12.47:178][  0]LogAudioDebug: Display: Lib vorbis DLL was dynamically loaded.
[2020.01.07-17.12.47:296][  0]LogShaderCompilers: Guid format shader working directory is -2 characters bigger than the processId version (../../../../../../git/DVI/DVIFinal/PracticaFinal/Intermediate/Shaders/WorkingDirectory/7868/).
[2020.01.07-17.12.47:296][  0]LogShaderCompilers: Cleaned the shader compiler working directory 'C:/Users/77chu/AppData/Local/Temp/UnrealShaderWorkingDir/30E56C434CA37ABBAACCF0A2155CC563/'.
[2020.01.07-17.12.47:299][  0]LogXGEController: Cleaning working directory: C:/Users/77chu/AppData/Local/Temp/UnrealXGEWorkingDir/
[2020.01.07-17.12.47:299][  0]LogXGEController: Cannot use XGE Controller as Incredibuild is not installed on this machine.
[2020.01.07-17.12.47:300][  0]LogShaderCompilers: Cannot use XGE Shader Compiler as Incredibuild is not installed on this machine.
[2020.01.07-17.12.47:300][  0]LogShaderCompilers: Display: Using Local Shader Compiler.
[2020.01.07-17.12.49:156][  0]LogDerivedDataCache: Display: Max Cache Size: 512 MB
[2020.01.07-17.12.49:307][  0]LogDerivedDataCache: Loaded boot cache 0.15s 71MB C:/Users/77chu/AppData/Local/UnrealEngine/4.22/DerivedDataCache/Boot.ddc.
[2020.01.07-17.12.49:307][  0]LogDerivedDataCache: Display: Loaded Boot cache: C:/Users/77chu/AppData/Local/UnrealEngine/4.22/DerivedDataCache/Boot.ddc
[2020.01.07-17.12.49:307][  0]LogDerivedDataCache: FDerivedDataBackendGraph:  Pak pak cache file ../../../../../../git/DVI/DVIFinal/PracticaFinal/DerivedDataCache/DDC.ddp not found, will not use a pak cache.
[2020.01.07-17.12.49:307][  0]LogDerivedDataCache: Unable to find inner node Pak for hierarchical cache Hierarchy.
[2020.01.07-17.12.49:307][  0]LogDerivedDataCache: FDerivedDataBackendGraph:  CompressedPak pak cache file ../../../../../../git/DVI/DVIFinal/PracticaFinal/DerivedDataCache/Compressed.ddp not found, will not use a pak cache.
[2020.01.07-17.12.49:307][  0]LogDerivedDataCache: Unable to find inner node CompressedPak for hierarchical cache Hierarchy.
[2020.01.07-17.12.49:326][  0]LogDerivedDataCache: Display: Pak cache opened for reading ../../../Engine/DerivedDataCache/Compressed.ddp.
[2020.01.07-17.12.49:326][  0]LogDerivedDataCache: FDerivedDataBackendGraph:  EnterprisePak pak cache file ../../../Enterprise/DerivedDataCache/Compressed.ddp not found, will not use a pak cache.
[2020.01.07-17.12.49:326][  0]LogDerivedDataCache: Unable to find inner node EnterprisePak for hierarchical cache Hierarchy.
[2020.01.07-17.12.49:338][  0]LogDerivedDataCache: Using Local data cache path C:/Users/77chu/AppData/Local/UnrealEngine/Common/DerivedDataCache: Writable
[2020.01.07-17.12.49:338][  0]LogDerivedDataCache: Shared data cache path not found in *engine.ini, will not use an Shared cache.
[2020.01.07-17.12.49:338][  0]LogDerivedDataCache: Unable to find inner node Shared for hierarchical cache Hierarchy.
[2020.01.07-17.12.49:359][  0]LogMaterial: Verifying Global Shaders for PCD3D_SM5
[2020.01.07-17.12.49:368][  0]LogSlate: Using FreeType 2.6.0
[2020.01.07-17.12.49:381][  0]LogSlate: SlateFontServices - WITH_FREETYPE: 1, WITH_HARFBUZZ: 1
[2020.01.07-17.12.49:615][  0]LogAssetRegistry: FAssetRegistry took 0.0335 seconds to start up
[2020.01.07-17.12.49:977][  0]LogInit: Selected Device Profile: [Windows]
[2020.01.07-17.12.50:266][  0]LogMeshReduction: Using QuadricMeshReduction for automatic static mesh reduction
[2020.01.07-17.12.50:266][  0]LogMeshReduction: Using SimplygonMeshReduction for automatic skeletal mesh reduction
[2020.01.07-17.12.50:266][  0]LogMeshReduction: Using ProxyLODMeshReduction for automatic mesh merging
[2020.01.07-17.12.50:266][  0]LogMeshReduction: No distributed automatic mesh merging module available
[2020.01.07-17.12.50:267][  0]LogMeshMerging: No distributed automatic mesh merging module available
[2020.01.07-17.12.50:313][  0]LogNetVersion: PracticaFinal 1.0.0, NetCL: 5660361, EngineNetVer: 10, GameNetVer: 0 (Checksum: 899781545)
[2020.01.07-17.12.51:301][  0]LogPackageLocalizationCache: Processed 10 localized package path(s) for 1 prioritized culture(s) in 0.035770 seconds
[2020.01.07-17.12.51:306][  0]LogUObjectArray: 42205 objects as part of root set at end of initial load.
[2020.01.07-17.12.51:306][  0]LogUObjectAllocator: 7325032 out of 0 bytes used by permanent object pool.
[2020.01.07-17.12.51:306][  0]LogUObjectArray: CloseDisregardForGC: 0/0 objects in disregard for GC pool
[2020.01.07-17.12.54:018][  0]LogTcpMessaging: Initializing TcpMessaging bridge
[2020.01.07-17.12.54:035][  0]LogUdpMessaging: Initializing bridge on interface 0.0.0.0:0 to multicast group 230.0.0.1:6666.
[2020.01.07-17.12.54:205][  0]SourceControl: Source control is disabled
[2020.01.07-17.12.54:205][  0]SourceControl: Source control is disabled
[2020.01.07-17.12.54:219][  0]SourceControl: Source control is disabled
[2020.01.07-17.12.54:225][  0]SourceControl: Source control is disabled
[2020.01.07-17.12.54:454][  0]LogAndroidPermission: UAndroidPermissionCallbackProxy::GetInstance
[2020.01.07-17.12.54:565][  0]LogOcInput: OculusInput pre-init called
[2020.01.07-17.12.55:205][  0]LogEngine: Initializing Engine...
[2020.01.07-17.12.55:207][  0]LogHMD: Failed to initialize OpenVR with code 110
[2020.01.07-17.12.55:209][  0]LogStats: UGameplayTagsManager::InitializeManager -  0.001 s
[2020.01.07-17.12.55:516][  0]LogInit: Initializing FReadOnlyCVARCache
[2020.01.07-17.12.55:564][  0]LogAIModule: Creating AISystem for world Untitled
[2020.01.07-17.12.55:601][  0]LogInit: XAudio2 using 'Altavoces (Realtek High Definition Audio)' : 6 channels at 48 kHz using 32 bits per sample (channel mask 0x3f)
[2020.01.07-17.12.55:639][  0]LogInit: FAudioDevice initialized.
[2020.01.07-17.12.55:639][  0]LogNetVersion: Set ProjectVersion to 1.0.0.0. Version Checksum will be recalculated on next use.
[2020.01.07-17.12.55:698][  0]LogDerivedDataCache: Saved boot cache 0.06s 71MB C:/Users/77chu/AppData/Local/UnrealEngine/4.22/DerivedDataCache/Boot.ddc.
[2020.01.07-17.12.55:701][  0]LogInit: Texture streaming: Enabled
[2020.01.07-17.12.55:722][  0]LogEngineSessionManager: EngineSessionManager initialized
[2020.01.07-17.12.55:751][  0]LogInit: Transaction tracking system initialized
[2020.01.07-17.12.55:809][  0]BlueprintLog: New page: Editor Load
[2020.01.07-17.12.56:037][  0]LocalizationService: Localization service is disabled
[2020.01.07-17.12.56:596][  0]LogCook: Display: Max memory allowance for cook 16384mb min free memory 0mb
[2020.01.07-17.12.56:596][  0]LogCook: Display: Mobile HDR setting 1
[2020.01.07-17.12.56:653][  0]LogFileCache: Scanning file cache for directory 'C:/git/DVI/DVIFinal/PracticaFinal/Content/' took 0.03s
[2020.01.07-17.12.57:030][  0]SourceControl: Source control is disabled
[2020.01.07-17.12.57:031][  0]Cmd: MAP LOAD FILE="../../../../../../git/DVI/DVIFinal/PracticaFinal/Content/ThirdPersonBP/Maps/ThirdPersonExampleMap.umap" TEMPLATE=0 SHOWPROGRESS=1 FEATURELEVEL=3
[2020.01.07-17.12.57:031][  0]LogEditorServer: Warning: Can't find file '../../../../../../git/DVI/DVIFinal/PracticaFinal/Content/ThirdPersonBP/Maps/ThirdPersonExampleMap.umap'
[2020.01.07-17.12.57:032][  0]Cmd: MAP CHECKDEP NOCLEARLOG
[2020.01.07-17.12.57:033][  0]MapCheck: Map check complete: 0 Error(s), 0 Warning(s), took 0.533ms to complete.
[2020.01.07-17.12.57:033][  0]LogFileHelpers: Loading map 'ThirdPersonExampleMap' took 0.002
[2020.01.07-17.12.57:203][  0]LogSlate: Updating window title bar state: overlay mode, drag disabled, window buttons hidden, title bar hidden
[2020.01.07-17.12.57:213][  0]LogSlate: Updating window title bar state: overlay mode, drag disabled, window buttons hidden, title bar hidden
[2020.01.07-17.12.57:220][  0]LogSlate: Updating window title bar state: overlay mode, drag disabled, window buttons hidden, title bar hidden
[2020.01.07-17.12.57:226][  0]LogSlate: Updating window title bar state: overlay mode, drag disabled, window buttons hidden, title bar hidden
[2020.01.07-17.12.57:245][  0]LogCollectionManager: Loaded 0 collections in 0.001208 seconds
[2020.01.07-17.12.57:290][  0]LogFileCache: Scanning file cache for directory 'C:/git/DVI/DVIFinal/PracticaFinal/Saved/Collections/' took 0.01s
[2020.01.07-17.12.57:290][  0]LogFileCache: Scanning file cache for directory 'C:/git/DVI/DVIFinal/PracticaFinal/Content/Developers/77chu/Collections/' took 0.01s
[2020.01.07-17.12.57:290][  0]LogFileCache: Scanning file cache for directory 'C:/git/DVI/DVIFinal/PracticaFinal/Content/Collections/' took 0.00s
[2020.01.07-17.12.57:290][  0]LogCollectionManager: Rebuilt the GUID cache for 0 collections in 0.000000 seconds
[2020.01.07-17.12.57:299][  0]LogContentBrowser: Native class hierarchy populated in 0.0071 seconds. Added 2732 classes and 659 folders.
[2020.01.07-17.12.57:311][  0]LogContentBrowser: Native class hierarchy updated for 'WidgetCarousel' in 0.0002 seconds. Added 0 classes and 0 folders.
[2020.01.07-17.12.57:319][  0]LogPakFile: Registered encryption key '00000000000000000000000000000000': 0 pak files mounted, 0 remain pending
[2020.01.07-17.12.57:326][  0]LogPakFile: Registered encryption key '00000000000000000000000000000000': 0 pak files mounted, 0 remain pending
[2020.01.07-17.12.57:338][  0]LogPakFile: Registered encryption key '00000000000000000000000000000000': 0 pak files mounted, 0 remain pending
[2020.01.07-17.12.57:344][  0]LogPakFile: Registered encryption key '00000000000000000000000000000000': 0 pak files mounted, 0 remain pending
[2020.01.07-17.12.57:356][  0]LogPakFile: Registered encryption key '00000000000000000000000000000000': 0 pak files mounted, 0 remain pending
[2020.01.07-17.12.57:363][  0]LogPakFile: Registered encryption key '00000000000000000000000000000000': 0 pak files mounted, 0 remain pending
[2020.01.07-17.12.57:368][  0]LogPakFile: Registered encryption key '00000000000000000000000000000000': 0 pak files mounted, 0 remain pending
[2020.01.07-17.12.57:373][  0]LogPakFile: Registered encryption key '00000000000000000000000000000000': 0 pak files mounted, 0 remain pending
[2020.01.07-17.12.57:379][  0]LogPakFile: Registered encryption key '00000000000000000000000000000000': 0 pak files mounted, 0 remain pending
[2020.01.07-17.12.57:386][  0]LogPakFile: Registered encryption key '00000000000000000000000000000000': 0 pak files mounted, 0 remain pending
[2020.01.07-17.12.57:391][  0]LogPakFile: Registered encryption key '00000000000000000000000000000000': 0 pak files mounted, 0 remain pending
[2020.01.07-17.12.57:396][  0]LogPakFile: Registered encryption key '00000000000000000000000000000000': 0 pak files mounted, 0 remain pending
[2020.01.07-17.12.57:401][  0]LogPakFile: Registered encryption key '00000000000000000000000000000000': 0 pak files mounted, 0 remain pending
[2020.01.07-17.12.57:406][  0]LogPakFile: Registered encryption key '00000000000000000000000000000000': 0 pak files mounted, 0 remain pending
[2020.01.07-17.12.57:411][  0]LogPakFile: Registered encryption key '00000000000000000000000000000000': 0 pak files mounted, 0 remain pending
[2020.01.07-17.12.57:416][  0]LogPakFile: Registered encryption key '00000000000000000000000000000000': 0 pak files mounted, 0 remain pending
[2020.01.07-17.12.57:437][  0]LogPakFile: Registered encryption key '00000000000000000000000000000000': 0 pak files mounted, 0 remain pending
[2020.01.07-17.12.57:442][  0]LogPakFile: Registered encryption key '00000000000000000000000000000000': 0 pak files mounted, 0 remain pending
[2020.01.07-17.12.57:447][  0]LogPakFile: Registered encryption key '00000000000000000000000000000000': 0 pak files mounted, 0 remain pending
[2020.01.07-17.12.57:452][  0]LogPakFile: Registered encryption key '00000000000000000000000000000000': 0 pak files mounted, 0 remain pending
[2020.01.07-17.12.57:457][  0]LogPakFile: Registered encryption key '00000000000000000000000000000000': 0 pak files mounted, 0 remain pending
[2020.01.07-17.12.57:462][  0]LogPakFile: Registered encryption key '00000000000000000000000000000000': 0 pak files mounted, 0 remain pending
[2020.01.07-17.12.57:467][  0]LogPakFile: Registered encryption key '00000000000000000000000000000000': 0 pak files mounted, 0 remain pending
[2020.01.07-17.12.57:472][  0]LogPakFile: Registered encryption key '00000000000000000000000000000000': 0 pak files mounted, 0 remain pending
[2020.01.07-17.12.57:479][  0]LogPakFile: Registered encryption key '00000000000000000000000000000000': 0 pak files mounted, 0 remain pending
[2020.01.07-17.12.57:484][  0]LogPakFile: Registered encryption key '00000000000000000000000000000000': 0 pak files mounted, 0 remain pending
[2020.01.07-17.12.57:592][  0]LogContentBrowser: Native class hierarchy updated for 'AddContentDialog' in 0.0002 seconds. Added 0 classes and 0 folders.
[2020.01.07-17.12.57:605][  0]LogContentBrowser: Native class hierarchy updated for 'SceneOutliner' in 0.0002 seconds. Added 1 classes and 2 folders.
[2020.01.07-17.12.57:754][  0]LogSlate: Took 0.005857 seconds to synchronously load lazily loaded font '../../../Engine/Content/Slate/Fonts/Roboto-Regular.ttf' (155K)
[2020.01.07-17.12.57:760][  0]LogSlate: Took 0.004808 seconds to synchronously load lazily loaded font '../../../Engine/Content/Slate/Fonts/Roboto-Bold.ttf' (160K)
[2020.01.07-17.12.57:770][  0]LogSlate: Took 0.004395 seconds to synchronously load lazily loaded font '../../../Engine/Content/Editor/Slate/Fonts/FontAwesome.ttf' (139K)
[2020.01.07-17.12.57:880][  0]LogRenderer: Reallocating scene render targets to support 1292x644 Format 10 NumSamples 1 (Frame:1).
[2020.01.07-17.12.58:007][  0]LogContentBrowser: Native class hierarchy updated for 'HierarchicalLODOutliner' in 0.0002 seconds. Added 0 classes and 0 folders.
[2020.01.07-17.12.58:007][  0]LogLoad: (Engine Initialization) Total time: 18.61 seconds
[2020.01.07-17.12.58:007][  0]LogLoad: (Engine Initialization) Total Blueprint compile time: 0.00 seconds
[2020.01.07-17.12.58:050][  0]LogAssetRegistry: Asset discovery search completed in 8.4581 seconds
[2020.01.07-17.12.58:052][  0]LogCollectionManager: Rebuilt the object cache for 0 collections in 0.000000 seconds (found 0 objects)
[2020.01.07-17.12.58:052][  0]LogCollectionManager: Fixed up redirectors for 0 collections in 0.000058 seconds (updated 0 objects)
[2020.01.07-17.12.58:057][  0]LogContentStreaming: Texture pool size now 1000 MB
[2020.01.07-17.12.58:093][  0]LogSlate: Took 0.005161 seconds to synchronously load lazily loaded font '../../../Engine/Content/Slate/Fonts/Roboto-Light.ttf' (167K)
[2020.01.07-17.13.11:481][750]LogSlate: FSceneViewport::OnFocusLost() reason 0
[2020.01.07-17.13.12:857][913]LogSlate: Took 0.000095 seconds to synchronously load lazily loaded font '../../../Engine/Content/Slate/Fonts/Roboto-Light.ttf' (167K)
[2020.01.07-17.13.12:921][913]LogAIModule: Creating AISystem for world MenuInicio
[2020.01.07-17.13.12:923][913]LogAssetEditorManager: Opening Asset editor for World /Game/Niveles/MenuInicio.MenuInicio
[2020.01.07-17.13.12:946][913]LogUObjectHash: Compacting FUObjectHashTables data took   1.40ms
[2020.01.07-17.13.12:948][913]Cmd: MAP LOAD FILE="../../../../../../git/DVI/DVIFinal/PracticaFinal/Content/Niveles/MenuInicio.umap" TEMPLATE=0 SHOWPROGRESS=1 FEATURELEVEL=3
[2020.01.07-17.13.12:948][913]LightingResults: New page: Lighting Build
[2020.01.07-17.13.12:953][913]LogContentBrowser: Native class hierarchy updated for 'StatsViewer' in 0.0002 seconds. Added 5 classes and 0 folders.
[2020.01.07-17.13.12:954][913]LoadErrors: New page: Loading map: MenuInicio.umap
[2020.01.07-17.13.12:956][913]MapCheck: New page: Map Check
[2020.01.07-17.13.12:956][913]LightingResults: New page: Lighting Build
[2020.01.07-17.13.12:978][913]LogUObjectHash: Compacting FUObjectHashTables data took   1.04ms
[2020.01.07-17.13.13:025][913]LogEditorServer: Finished looking for orphan Actors (0.000 secs)
[2020.01.07-17.13.13:045][913]LogUObjectHash: Compacting FUObjectHashTables data took   0.71ms
[2020.01.07-17.13.13:066][913]Cmd: MAP CHECKDEP NOCLEARLOG
[2020.01.07-17.13.13:067][913]MapCheck: Map check complete: 0 Error(s), 0 Warning(s), took 0.11ms to complete.
[2020.01.07-17.13.13:067][913]LogFileHelpers: Loading map 'MenuInicio' took 0.121
[2020.01.07-17.13.15:236][169]LogTemp: Repeating last play command: Selected Viewport
[2020.01.07-17.13.15:249][169]LogBlueprintUserMessages: Early PlayInEditor Detection: Level '/Game/Niveles/MenuInicio.MenuInicio:PersistentLevel' has LevelScriptBlueprint '/Game/Niveles/MenuInicio.MenuInicio:PersistentLevel.MenuInicio' with GeneratedClass '/Game/Niveles/MenuInicio.MenuInicio_C' with ClassGeneratedBy '/Game/Niveles/MenuInicio.MenuInicio:PersistentLevel.MenuInicio'
[2020.01.07-17.13.15:249][169]LogPlayLevel: PlayLevel: No blueprints needed recompiling
[2020.01.07-17.13.15:250][169]PIE: New page: PIE session: MenuInicio (Jan 7, 2020, 7:13:15 PM)
[2020.01.07-17.13.15:262][169]LogPlayLevel: Creating play world package: /Game/Niveles/UEDPIE_0_MenuInicio
[2020.01.07-17.13.15:264][169]LogPlayLevel: PIE: StaticDuplicateObject took: (0.001212s)
[2020.01.07-17.13.15:264][169]LogAIModule: Creating AISystem for world MenuInicio
[2020.01.07-17.13.15:264][169]LogPlayLevel: PIE: World Init took: (0.000368s)
[2020.01.07-17.13.15:264][169]LogPlayLevel: PIE: Created PIE world by copying editor world from /Game/Niveles/MenuInicio.MenuInicio to /Game/Niveles/UEDPIE_0_MenuInicio.MenuInicio (0.001778s)
[2020.01.07-17.13.15:281][169]LogUObjectHash: Compacting FUObjectHashTables data took   0.81ms
[2020.01.07-17.13.15:292][169]LogInit: XAudio2 using 'Altavoces (Realtek High Definition Audio)' : 6 channels at 48 kHz using 32 bits per sample (channel mask 0x3f)
[2020.01.07-17.13.15:322][169]LogInit: FAudioDevice initialized.
[2020.01.07-17.13.15:361][169]LogLoad: Game class is 'ThirdPersonGameMode_C'
[2020.01.07-17.13.15:364][169]LogWorld: Bringing World /Game/Niveles/UEDPIE_0_MenuInicio.MenuInicio up for play (max tick rate 0) at 2020.01.07-18.13.15
[2020.01.07-17.13.15:364][169]LogWorld: Bringing up level for play took: 0.000644
[2020.01.07-17.13.15:388][169]LogContentBrowser: Native class hierarchy updated for 'MovieSceneCapture' in 0.0002 seconds. Added 20 classes and 0 folders.
[2020.01.07-17.13.15:398][169]PIE: Play in editor start time for /Game/Niveles/UEDPIE_0_MenuInicio 0.246
[2020.01.07-17.13.15:398][169]LogBlueprintUserMessages: Late PlayInEditor Detection: Level '/Game/Niveles/MenuInicio.MenuInicio:PersistentLevel' has LevelScriptBlueprint '/Game/Niveles/MenuInicio.MenuInicio:PersistentLevel.MenuInicio' with GeneratedClass '/Game/Niveles/MenuInicio.MenuInicio_C' with ClassGeneratedBy '/Game/Niveles/MenuInicio.MenuInicio:PersistentLevel.MenuInicio'
[2020.01.07-17.13.17:093][371]LogNet: Browse: /Game/Niveles/SegundoNivel
[2020.01.07-17.13.17:093][371]LogLoad: LoadMap: /Game/Niveles/SegundoNivel
[2020.01.07-17.13.17:115][371]LogUObjectHash: Compacting FUObjectHashTables data took   1.01ms
[2020.01.07-17.13.18:818][371]LogAIModule: Creating AISystem for world SegundoNivel
[2020.01.07-17.13.18:819][371]LogLoad: Game class is 'ThirdPersonGameMode_C'
[2020.01.07-17.13.18:830][371]LogWorld: Bringing World /Game/Niveles/UEDPIE_0_SegundoNivel.SegundoNivel up for play (max tick rate 0) at 2020.01.07-18.13.18
[2020.01.07-17.13.18:831][371]LogWorld: Bringing up level for play took: 0.011905
[2020.01.07-17.13.18:832][371]LogGameMode: FindPlayerStart: PATHS NOT DEFINED or NO PLAYERSTART with positive rating
[2020.01.07-17.13.18:834][371]LogLoad: Took 1.740290 seconds to LoadMap(/Game/Niveles/SegundoNivel)
[2020.01.07-17.13.24:711][ 71]LogBlueprintUserMessages: Early EndPlayMap Detection: Level '/Game/Niveles/MenuInicio.MenuInicio:PersistentLevel' has LevelScriptBlueprint '/Game/Niveles/MenuInicio.MenuInicio:PersistentLevel.MenuInicio' with GeneratedClass '/Game/Niveles/MenuInicio.MenuInicio_C' with ClassGeneratedBy '/Game/Niveles/MenuInicio.MenuInicio:PersistentLevel.MenuInicio'
[2020.01.07-17.13.24:711][ 71]LogSlate: Updating window title bar state: overlay mode, drag disabled, window buttons hidden, title bar hidden
[2020.01.07-17.13.24:737][ 71]LogPlayLevel: Display: Shutting down PIE online subsystems
[2020.01.07-17.13.24:737][ 71]LogBlueprintUserMessages: Late EndPlayMap Detection: Level '/Game/Niveles/MenuInicio.MenuInicio:PersistentLevel' has LevelScriptBlueprint '/Game/Niveles/MenuInicio.MenuInicio:PersistentLevel.MenuInicio' with GeneratedClass '/Game/Niveles/MenuInicio.MenuInicio_C' with ClassGeneratedBy '/Game/Niveles/MenuInicio.MenuInicio:PersistentLevel.MenuInicio'
[2020.01.07-17.13.24:759][ 71]LogSlate: Updating window title bar state: overlay mode, drag disabled, window buttons hidden, title bar hidden
[2020.01.07-17.13.24:764][ 71]LogUObjectHash: Compacting FUObjectHashTables data took   1.67ms
[2020.01.07-17.13.24:815][ 77]LogPlayLevel: Display: Destroying online subsystem :Context_1
[2020.01.07-17.13.26:074][228]LogSlate: FSceneViewport::OnFocusLost() reason 0
[2020.01.07-17.13.26:251][247]LogAIModule: Creating AISystem for world SegundoNivel
[2020.01.07-17.13.26:267][247]LogAssetEditorManager: Opening Asset editor for World /Game/Niveles/SegundoNivel.SegundoNivel
[2020.01.07-17.13.26:287][247]LogUObjectHash: Compacting FUObjectHashTables data took   1.19ms
[2020.01.07-17.13.26:287][247]Cmd: MAP LOAD FILE="../../../../../../git/DVI/DVIFinal/PracticaFinal/Content/Niveles/SegundoNivel.umap" TEMPLATE=0 SHOWPROGRESS=1 FEATURELEVEL=3
[2020.01.07-17.13.26:288][247]LightingResults: New page: Lighting Build
[2020.01.07-17.13.26:288][247]LoadErrors: New page: Loading map: SegundoNivel.umap
[2020.01.07-17.13.26:288][247]MapCheck: New page: Map Check
[2020.01.07-17.13.26:288][247]LightingResults: New page: Lighting Build
[2020.01.07-17.13.26:308][247]LogUObjectHash: Compacting FUObjectHashTables data took   1.33ms
[2020.01.07-17.13.26:392][247]LogEditorServer: Finished looking for orphan Actors (0.000 secs)
[2020.01.07-17.13.26:411][247]LogUObjectHash: Compacting FUObjectHashTables data took   1.11ms
[2020.01.07-17.13.26:434][247]Cmd: MAP CHECKDEP NOCLEARLOG
[2020.01.07-17.13.26:435][247]MapCheck: Map check complete: 0 Error(s), 0 Warning(s), took 0.078ms to complete.
[2020.01.07-17.13.26:435][247]LogFileHelpers: Loading map 'SegundoNivel' took 0.147
[2020.01.07-17.13.28:408][478]LogEditorViewport: Clicking on Actor (LMB): BP_ky_magicCircle1_C (BP_ky_magicCircle1)
[2020.01.07-17.13.29:931][655]LogSlate: FSceneViewport::OnFocusLost() reason 0
[2020.01.07-17.13.32:843][995]LogEditorViewport: Clicking on Actor (LMB): BB_Plataforma_C (BB_Plataforma)
[2020.01.07-17.13.33:333][ 50]LogSlate: Took 0.005191 seconds to synchronously load lazily loaded font '../../../Engine/Content/Slate/Fonts/Roboto-Italic.ttf' (157K)
[2020.01.07-17.13.34:073][138]LogSlate: FSceneViewport::OnFocusLost() reason 2
[2020.01.07-17.13.35:024][252]LogSlate: FSceneViewport::OnFocusLost() reason 2
[2020.01.07-17.13.35:025][252]LogAssetEditorManager: Opening Asset editor for Blueprint /Game/BlueprientsPropios/BB_Plataforma.BB_Plataforma
[2020.01.07-17.13.35:330][252]LogContentBrowser: Native class hierarchy updated for 'BlueprintGraph' in 0.0004 seconds. Added 121 classes and 0 folders.
[2020.01.07-17.13.37:465][424]LogSlate: Took 0.005071 seconds to synchronously load lazily loaded font '../../../Engine/Content/Slate/Fonts/Roboto-BoldCondensed.ttf' (158K)
[2020.01.07-17.13.48:392][707]BlueprintLog: New page: Compile BB_Plataforma
[2020.01.07-17.13.48:520][707]LogUObjectHash: Compacting FUObjectHashTables data took   2.47ms
[2020.01.07-17.13.48:999][756]Cmd: OBJ SAVEPACKAGE PACKAGE="/Game/BlueprientsPropios/BB_Plataforma" FILE="../../../../../../git/DVI/DVIFinal/PracticaFinal/Content/BlueprientsPropios/BB_Plataforma.uasset" SILENT=true
[2020.01.07-17.13.49:040][756]LogSavePackage: Moving '../../../../../../git/DVI/DVIFinal/PracticaFinal/Saved/BB_Plataforma6DB6608B48CB979B557C3A9AEF6B88A7.tmp' to '../../../../../../git/DVI/DVIFinal/PracticaFinal/Content/BlueprientsPropios/BB_Plataforma.uasset'
[2020.01.07-17.14.03:144][891]LogSlate: FSceneViewport::OnFocusLost() reason 2
[2020.01.07-17.16.35:545][128]Cmd: OBJ SAVEPACKAGE PACKAGE="/Game/BlueprientsPropios/BB_Plataforma" FILE="../../../../../../git/DVI/DVIFinal/PracticaFinal/Content/BlueprientsPropios/BB_Plataforma.uasset" SILENT=true
[2020.01.07-17.16.35:575][128]LogSavePackage: Moving '../../../../../../git/DVI/DVIFinal/PracticaFinal/Saved/BB_Plataforma8903462F42E265038FF49E95B45C6148.tmp' to '../../../../../../git/DVI/DVIFinal/PracticaFinal/Content/BlueprientsPropios/BB_Plataforma.uasset'
[2020.01.07-17.16.35:945][171]LogSlate: FSceneViewport::OnFocusLost() reason 0
[2020.01.07-17.16.36:019][180]BlueprintLog: New page: Compile BB_Plataforma
[2020.01.07-17.16.36:149][180]LogUObjectHash: Compacting FUObjectHashTables data took   2.29ms
[2020.01.07-17.16.46:749][440]LogSlate: FSceneViewport::OnFocusLost() reason 0
[2020.01.07-17.16.46:866][454]LogTemp: Repeating last play command: Selected Viewport
[2020.01.07-17.16.46:882][454]LogBlueprintUserMessages: Early PlayInEditor Detection: Level '/Game/Niveles/SegundoNivel.SegundoNivel:PersistentLevel' has LevelScriptBlueprint '/Game/Niveles/SegundoNivel.SegundoNivel:PersistentLevel.SegundoNivel' with GeneratedClass '/Game/Niveles/SegundoNivel.SegundoNivel_C' with ClassGeneratedBy '/Game/Niveles/SegundoNivel.SegundoNivel:PersistentLevel.SegundoNivel'
[2020.01.07-17.16.46:882][454]BlueprintLog: New page: Pre-Play auto-recompile
[2020.01.07-17.16.46:883][454]LogPlayLevel: [PlayLevel] Compiling BB_Plataforma before play...
[2020.01.07-17.16.47:028][454]LogUObjectHash: Compacting FUObjectHashTables data took   3.39ms
[2020.01.07-17.16.47:028][454]LogPlayLevel: PlayLevel: Blueprint regeneration took 145 ms (1 blueprints)
[2020.01.07-17.16.47:028][454]PIE: New page: PIE session: SegundoNivel (Jan 7, 2020, 7:16:47 PM)
[2020.01.07-17.16.47:028][454]LogPlayLevel: Creating play world package: /Game/Niveles/UEDPIE_0_SegundoNivel
[2020.01.07-17.16.47:040][454]LogPlayLevel: PIE: StaticDuplicateObject took: (0.012850s)
[2020.01.07-17.16.47:040][454]LogAIModule: Creating AISystem for world SegundoNivel
[2020.01.07-17.16.47:041][454]LogPlayLevel: PIE: World Init took: (0.000588s)
[2020.01.07-17.16.47:041][454]LogPlayLevel: PIE: Created PIE world by copying editor world from /Game/Niveles/SegundoNivel.SegundoNivel to /Game/Niveles/UEDPIE_0_SegundoNivel.SegundoNivel (0.013701s)
[2020.01.07-17.16.47:067][454]LogUObjectHash: Compacting FUObjectHashTables data took   1.31ms
[2020.01.07-17.16.47:078][454]LogInit: XAudio2 using 'Altavoces (Realtek High Definition Audio)' : 6 channels at 48 kHz using 32 bits per sample (channel mask 0x3f)
[2020.01.07-17.16.47:107][454]LogInit: FAudioDevice initialized.
[2020.01.07-17.16.47:139][454]LogLoad: Game class is 'ThirdPersonGameMode_C'
[2020.01.07-17.16.47:140][454]LogWorld: Bringing World /Game/Niveles/UEDPIE_0_SegundoNivel.SegundoNivel up for play (max tick rate 0) at 2020.01.07-18.16.47
[2020.01.07-17.16.47:140][454]LogWorld: Bringing up level for play took: 0.001165
[2020.01.07-17.16.47:154][454]PIE: Play in editor start time for /Game/Niveles/UEDPIE_0_SegundoNivel 0.002
[2020.01.07-17.16.47:154][454]LogBlueprintUserMessages: Late PlayInEditor Detection: Level '/Game/Niveles/SegundoNivel.SegundoNivel:PersistentLevel' has LevelScriptBlueprint '/Game/Niveles/SegundoNivel.SegundoNivel:PersistentLevel.SegundoNivel' with GeneratedClass '/Game/Niveles/SegundoNivel.SegundoNivel_C' with ClassGeneratedBy '/Game/Niveles/SegundoNivel.SegundoNivel:PersistentLevel.SegundoNivel'
[2020.01.07-17.16.50:574][858]LogBlueprintUserMessages: Early EndPlayMap Detection: Level '/Game/Niveles/SegundoNivel.SegundoNivel:PersistentLevel' has LevelScriptBlueprint '/Game/Niveles/SegundoNivel.SegundoNivel:PersistentLevel.SegundoNivel' with GeneratedClass '/Game/Niveles/SegundoNivel.SegundoNivel_C' with ClassGeneratedBy '/Game/Niveles/SegundoNivel.SegundoNivel:PersistentLevel.SegundoNivel'
[2020.01.07-17.16.50:574][858]LogSlate: Updating window title bar state: overlay mode, drag disabled, window buttons hidden, title bar hidden
[2020.01.07-17.16.50:600][858]LogPlayLevel: Display: Shutting down PIE online subsystems
[2020.01.07-17.16.50:600][858]LogBlueprintUserMessages: Late EndPlayMap Detection: Level '/Game/Niveles/SegundoNivel.SegundoNivel:PersistentLevel' has LevelScriptBlueprint '/Game/Niveles/SegundoNivel.SegundoNivel:PersistentLevel.SegundoNivel' with GeneratedClass '/Game/Niveles/SegundoNivel.SegundoNivel_C' with ClassGeneratedBy '/Game/Niveles/SegundoNivel.SegundoNivel:PersistentLevel.SegundoNivel'
[2020.01.07-17.16.50:628][858]LogSlate: Updating window title bar state: overlay mode, drag disabled, window buttons hidden, title bar hidden
[2020.01.07-17.16.50:630][858]LogUObjectHash: Compacting FUObjectHashTables data took   1.20ms
[2020.01.07-17.16.50:678][862]LogPlayLevel: Display: Destroying online subsystem :Context_4
[2020.01.07-17.16.53:459][186]LogSlate: FSceneViewport::OnFocusLost() reason 2
[2020.01.07-17.16.57:347][620]BlueprintLog: New page: Compile BB_Plataforma
[2020.01.07-17.16.57:464][620]LogUObjectHash: Compacting FUObjectHashTables data took   1.86ms
[2020.01.07-17.16.57:863][662]Cmd: OBJ SAVEPACKAGE PACKAGE="/Game/BlueprientsPropios/BB_Plataforma" FILE="../../../../../../git/DVI/DVIFinal/PracticaFinal/Content/BlueprientsPropios/BB_Plataforma.uasset" SILENT=true
[2020.01.07-17.16.57:890][662]LogSavePackage: Moving '../../../../../../git/DVI/DVIFinal/PracticaFinal/Saved/BB_Plataforma89129B7248E2397E6202A6B9D4443AA5.tmp' to '../../../../../../git/DVI/DVIFinal/PracticaFinal/Content/BlueprientsPropios/BB_Plataforma.uasset'
[2020.01.07-17.16.58:701][757]LogSlate: FSceneViewport::OnFocusLost() reason 0
[2020.01.07-17.16.59:416][843]LogSlate: FSceneViewport::OnFocusLost() reason 0
[2020.01.07-17.16.59:525][856]LogTemp: Repeating last play command: Selected Viewport
[2020.01.07-17.16.59:541][856]LogBlueprintUserMessages: Early PlayInEditor Detection: Level '/Game/Niveles/SegundoNivel.SegundoNivel:PersistentLevel' has LevelScriptBlueprint '/Game/Niveles/SegundoNivel.SegundoNivel:PersistentLevel.SegundoNivel' with GeneratedClass '/Game/Niveles/SegundoNivel.SegundoNivel_C' with ClassGeneratedBy '/Game/Niveles/SegundoNivel.SegundoNivel:PersistentLevel.SegundoNivel'
[2020.01.07-17.16.59:541][856]LogPlayLevel: PlayLevel: No blueprints needed recompiling
[2020.01.07-17.16.59:541][856]PIE: New page: PIE session: SegundoNivel (Jan 7, 2020, 7:16:59 PM)
[2020.01.07-17.16.59:541][856]LogPlayLevel: Creating play world package: /Game/Niveles/UEDPIE_0_SegundoNivel
[2020.01.07-17.16.59:549][856]LogPlayLevel: PIE: StaticDuplicateObject took: (0.007763s)
[2020.01.07-17.16.59:549][856]LogAIModule: Creating AISystem for world SegundoNivel
[2020.01.07-17.16.59:549][856]LogPlayLevel: PIE: World Init took: (0.000444s)
[2020.01.07-17.16.59:549][856]LogPlayLevel: PIE: Created PIE world by copying editor world from /Game/Niveles/SegundoNivel.SegundoNivel to /Game/Niveles/UEDPIE_0_SegundoNivel.SegundoNivel (0.008298s)
[2020.01.07-17.16.59:574][856]LogUObjectHash: Compacting FUObjectHashTables data took   2.01ms
[2020.01.07-17.16.59:582][856]LogInit: XAudio2 using 'Altavoces (Realtek High Definition Audio)' : 6 channels at 48 kHz using 32 bits per sample (channel mask 0x3f)
[2020.01.07-17.16.59:611][856]LogInit: FAudioDevice initialized.
[2020.01.07-17.16.59:642][856]LogLoad: Game class is 'ThirdPersonGameMode_C'
[2020.01.07-17.16.59:644][856]LogWorld: Bringing World /Game/Niveles/UEDPIE_0_SegundoNivel.SegundoNivel up for play (max tick rate 0) at 2020.01.07-18.16.59
[2020.01.07-17.16.59:644][856]LogWorld: Bringing up level for play took: 0.001129
[2020.01.07-17.16.59:657][856]PIE: Play in editor start time for /Game/Niveles/UEDPIE_0_SegundoNivel 0.505
[2020.01.07-17.16.59:657][856]LogBlueprintUserMessages: Late PlayInEditor Detection: Level '/Game/Niveles/SegundoNivel.SegundoNivel:PersistentLevel' has LevelScriptBlueprint '/Game/Niveles/SegundoNivel.SegundoNivel:PersistentLevel.SegundoNivel' with GeneratedClass '/Game/Niveles/SegundoNivel.SegundoNivel_C' with ClassGeneratedBy '/Game/Niveles/SegundoNivel.SegundoNivel:PersistentLevel.SegundoNivel'
[2020.01.07-17.17.10:823][194]LogBlueprintUserMessages: Early EndPlayMap Detection: Level '/Game/Niveles/SegundoNivel.SegundoNivel:PersistentLevel' has LevelScriptBlueprint '/Game/Niveles/SegundoNivel.SegundoNivel:PersistentLevel.SegundoNivel' with GeneratedClass '/Game/Niveles/SegundoNivel.SegundoNivel_C' with ClassGeneratedBy '/Game/Niveles/SegundoNivel.SegundoNivel:PersistentLevel.SegundoNivel'
[2020.01.07-17.17.10:823][194]LogSlate: Updating window title bar state: overlay mode, drag disabled, window buttons hidden, title bar hidden
[2020.01.07-17.17.10:855][194]LogPlayLevel: Display: Shutting down PIE online subsystems
[2020.01.07-17.17.10:855][194]LogBlueprintUserMessages: Late EndPlayMap Detection: Level '/Game/Niveles/SegundoNivel.SegundoNivel:PersistentLevel' has LevelScriptBlueprint '/Game/Niveles/SegundoNivel.SegundoNivel:PersistentLevel.SegundoNivel' with GeneratedClass '/Game/Niveles/SegundoNivel.SegundoNivel_C' with ClassGeneratedBy '/Game/Niveles/SegundoNivel.SegundoNivel:PersistentLevel.SegundoNivel'
[2020.01.07-17.17.10:884][194]LogSlate: Updating window title bar state: overlay mode, drag disabled, window buttons hidden, title bar hidden
[2020.01.07-17.17.10:886][194]LogUObjectHash: Compacting FUObjectHashTables data took   1.45ms
[2020.01.07-17.17.10:927][197]LogPlayLevel: Display: Destroying online subsystem :Context_5
[2020.01.07-17.17.16:721][889]LogEditorViewport: Clicking on Actor (LMB): BB_Plataforma_C (BB_Plataforma)
[2020.01.07-17.17.28:019][765]LogSlate: FSceneViewport::OnFocusLost() reason 2
[2020.01.07-17.17.47:025][998]LogSlate: FSceneViewport::OnFocusLost() reason 0
[2020.01.07-17.17.47:100][  7]LogTemp: Repeating last play command: Selected Viewport
[2020.01.07-17.17.47:112][  7]LogBlueprintUserMessages: Early PlayInEditor Detection: Level '/Game/Niveles/SegundoNivel.SegundoNivel:PersistentLevel' has LevelScriptBlueprint '/Game/Niveles/SegundoNivel.SegundoNivel:PersistentLevel.SegundoNivel' with GeneratedClass '/Game/Niveles/SegundoNivel.SegundoNivel_C' with ClassGeneratedBy '/Game/Niveles/SegundoNivel.SegundoNivel:PersistentLevel.SegundoNivel'
[2020.01.07-17.17.47:112][  7]LogPlayLevel: PlayLevel: No blueprints needed recompiling
[2020.01.07-17.17.47:112][  7]PIE: New page: PIE session: SegundoNivel (Jan 7, 2020, 7:17:47 PM)
[2020.01.07-17.17.47:112][  7]LogPlayLevel: Creating play world package: /Game/Niveles/UEDPIE_0_SegundoNivel
[2020.01.07-17.17.47:120][  7]LogPlayLevel: PIE: StaticDuplicateObject took: (0.007930s)
[2020.01.07-17.17.47:121][  7]LogAIModule: Creating AISystem for world SegundoNivel
[2020.01.07-17.17.47:121][  7]LogPlayLevel: PIE: World Init took: (0.000501s)
[2020.01.07-17.17.47:121][  7]LogPlayLevel: PIE: Created PIE world by copying editor world from /Game/Niveles/SegundoNivel.SegundoNivel to /Game/Niveles/UEDPIE_0_SegundoNivel.SegundoNivel (0.008562s)
[2020.01.07-17.17.47:146][  7]LogUObjectHash: Compacting FUObjectHashTables data took   1.18ms
[2020.01.07-17.17.47:154][  7]LogInit: XAudio2 using 'Altavoces (Realtek High Definition Audio)' : 6 channels at 48 kHz using 32 bits per sample (channel mask 0x3f)
[2020.01.07-17.17.47:184][  7]LogInit: FAudioDevice initialized.
[2020.01.07-17.17.47:209][  7]LogLoad: Game class is 'ThirdPersonGameMode_C'
[2020.01.07-17.17.47:211][  7]LogWorld: Bringing World /Game/Niveles/UEDPIE_0_SegundoNivel.SegundoNivel up for play (max tick rate 0) at 2020.01.07-18.17.47
[2020.01.07-17.17.47:211][  7]LogWorld: Bringing up level for play took: 0.001221
[2020.01.07-17.17.47:224][  7]PIE: Play in editor start time for /Game/Niveles/UEDPIE_0_SegundoNivel 0.071
[2020.01.07-17.17.47:224][  7]LogBlueprintUserMessages: Late PlayInEditor Detection: Level '/Game/Niveles/SegundoNivel.SegundoNivel:PersistentLevel' has LevelScriptBlueprint '/Game/Niveles/SegundoNivel.SegundoNivel:PersistentLevel.SegundoNivel' with GeneratedClass '/Game/Niveles/SegundoNivel.SegundoNivel_C' with ClassGeneratedBy '/Game/Niveles/SegundoNivel.SegundoNivel:PersistentLevel.SegundoNivel'
[2020.01.07-17.18.13:067][106]LogBlueprintUserMessages: Early EndPlayMap Detection: Level '/Game/Niveles/SegundoNivel.SegundoNivel:PersistentLevel' has LevelScriptBlueprint '/Game/Niveles/SegundoNivel.SegundoNivel:PersistentLevel.SegundoNivel' with GeneratedClass '/Game/Niveles/SegundoNivel.SegundoNivel_C' with ClassGeneratedBy '/Game/Niveles/SegundoNivel.SegundoNivel:PersistentLevel.SegundoNivel'
[2020.01.07-17.18.13:067][106]LogSlate: Updating window title bar state: overlay mode, drag disabled, window buttons hidden, title bar hidden
[2020.01.07-17.18.13:100][106]LogPlayLevel: Display: Shutting down PIE online subsystems
[2020.01.07-17.18.13:100][106]LogBlueprintUserMessages: Late EndPlayMap Detection: Level '/Game/Niveles/SegundoNivel.SegundoNivel:PersistentLevel' has LevelScriptBlueprint '/Game/Niveles/SegundoNivel.SegundoNivel:PersistentLevel.SegundoNivel' with GeneratedClass '/Game/Niveles/SegundoNivel.SegundoNivel_C' with ClassGeneratedBy '/Game/Niveles/SegundoNivel.SegundoNivel:PersistentLevel.SegundoNivel'
[2020.01.07-17.18.13:128][106]LogSlate: Updating window title bar state: overlay mode, drag disabled, window buttons hidden, title bar hidden
[2020.01.07-17.18.13:131][106]LogUObjectHash: Compacting FUObjectHashTables data took   1.27ms
[2020.01.07-17.18.13:172][108]LogPlayLevel: Display: Destroying online subsystem :Context_6
[2020.01.07-17.18.16:761][536]LogEditorViewport: Clicking on Actor (LMB): BB_Plataforma_C (BB_Plataforma)
[2020.01.07-17.18.20:594][987]LogSlate: FSceneViewport::OnFocusLost() reason 0
[2020.01.07-17.21.49:294][622]BlueprintLog: New page: Compile BB_Plataforma
[2020.01.07-17.21.49:431][622]LogUObjectHash: Compacting FUObjectHashTables data took   2.25ms
[2020.01.07-17.21.50:584][752]Cmd: OBJ SAVEPACKAGE PACKAGE="/Game/BlueprientsPropios/BB_Plataforma" FILE="../../../../../../git/DVI/DVIFinal/PracticaFinal/Content/BlueprientsPropios/BB_Plataforma.uasset" SILENT=true
[2020.01.07-17.21.50:617][752]LogSavePackage: Moving '../../../../../../git/DVI/DVIFinal/PracticaFinal/Saved/BB_Plataforma9C8AD8C34E9C2E604B2B80BB8ECE06C1.tmp' to '../../../../../../git/DVI/DVIFinal/PracticaFinal/Content/BlueprientsPropios/BB_Plataforma.uasset'
[2020.01.07-17.21.51:032][800]LogSlate: FSceneViewport::OnFocusLost() reason 0
[2020.01.07-17.22.00:142][890]BlueprintLog: New page: Compile BB_Plataforma
[2020.01.07-17.22.00:276][890]LogUObjectHash: Compacting FUObjectHashTables data took   2.19ms
[2020.01.07-17.22.00:620][923]Cmd: OBJ SAVEPACKAGE PACKAGE="/Game/BlueprientsPropios/BB_Plataforma" FILE="../../../../../../git/DVI/DVIFinal/PracticaFinal/Content/BlueprientsPropios/BB_Plataforma.uasset" SILENT=true
[2020.01.07-17.22.00:649][923]LogSavePackage: Moving '../../../../../../git/DVI/DVIFinal/PracticaFinal/Saved/BB_Plataforma721118C442AA8F8AF06C8C881D05CF85.tmp' to '../../../../../../git/DVI/DVIFinal/PracticaFinal/Content/BlueprientsPropios/BB_Plataforma.uasset'
[2020.01.07-17.22.03:695][287]LogSlate: FSceneViewport::OnFocusLost() reason 0
[2020.01.07-17.22.18:401][ 40]Cmd: OBJ SAVEPACKAGE PACKAGE="/Game/BlueprientsPropios/BB_Plataforma" FILE="../../../../../../git/DVI/DVIFinal/PracticaFinal/Content/BlueprientsPropios/BB_Plataforma.uasset" SILENT=true
[2020.01.07-17.22.18:431][ 40]LogSavePackage: Moving '../../../../../../git/DVI/DVIFinal/PracticaFinal/Saved/BB_Plataforma64B1BFC04E54D17D03F1CD9A38ABF58E.tmp' to '../../../../../../git/DVI/DVIFinal/PracticaFinal/Content/BlueprientsPropios/BB_Plataforma.uasset'
[2020.01.07-17.22.19:260][138]LogSlate: FSceneViewport::OnFocusLost() reason 0
[2020.01.07-17.22.19:376][152]BlueprintLog: New page: Compile BB_Plataforma
[2020.01.07-17.22.19:513][152]LogUObjectHash: Compacting FUObjectHashTables data took   2.19ms
[2020.01.07-17.22.24:655][759]Cmd: OBJ SAVEPACKAGE PACKAGE="/Game/BlueprientsPropios/BB_Plataforma" FILE="../../../../../../git/DVI/DVIFinal/PracticaFinal/Content/BlueprientsPropios/BB_Plataforma.uasset" SILENT=true
[2020.01.07-17.22.24:684][759]LogSavePackage: Moving '../../../../../../git/DVI/DVIFinal/PracticaFinal/Saved/BB_PlataformaDFFA3080417CA7C442805F89381FF1F4.tmp' to '../../../../../../git/DVI/DVIFinal/PracticaFinal/Content/BlueprientsPropios/BB_Plataforma.uasset'
[2020.01.07-17.22.25:995][915]LogSlate: FSceneViewport::OnFocusLost() reason 0
